Log file open, 10/01/20 07:43:09
LogWindows: Failed to load 'aqProf.dll' (GetLastError=126)
LogWindows: File 'aqProf.dll' does not exist
LogWindows: Failed to load 'VtuneApi.dll' (GetLastError=126)
LogWindows: File 'VtuneApi.dll' does not exist
LogWindows: Failed to load 'VtuneApi32e.dll' (GetLastError=126)
LogWindows: File 'VtuneApi32e.dll' does not exist
LogConsoleResponse: Display: Failed to find resolution value strings in scalability ini. Falling back to default.
LogInit: Display: Running engine for game: ArenaFighter
LogPlatformFile: Not using cached read wrapper
LogTaskGraph: Started task graph with 5 named threads and 23 total threads with 3 sets of task threads.
LogStats: Stats thread started at 0.073640
LogD3D11RHI: Loaded GFSDK_Aftermath_Lib.x64.dll
LogICUInternationalization: ICU TimeZone Detection - Raw Offset: +10:00, Platform Override: ''
LogPluginManager: Mounting plugin Paper2D
LogPluginManager: Mounting plugin AISupport
LogPluginManager: Mounting plugin LightPropagationVolume
LogPluginManager: Mounting plugin ActorLayerUtilities
LogPluginManager: Mounting plugin AnimationSharing
LogPluginManager: Mounting plugin CLionSourceCodeAccess
LogPluginManager: Mounting plugin CodeLiteSourceCodeAccess
LogPluginManager: Mounting plugin GitSourceControl
LogPluginManager: Mounting plugin KDevelopSourceCodeAccess
LogPluginManager: Mounting plugin NullSourceCodeAccess
LogPluginManager: Mounting plugin PerforceSourceControl
LogPluginManager: Mounting plugin PlasticSourceControl
LogPluginManager: Mounting plugin SubversionSourceControl
LogPluginManager: Mounting plugin UObjectPlugin
LogPluginManager: Mounting plugin VisualStudioCodeSourceCodeAccess
LogPluginManager: Mounting plugin VisualStudioSourceCodeAccess
LogPluginManager: Mounting plugin XCodeSourceCodeAccess
LogPluginManager: Mounting plugin AssetManagerEditor
LogPluginManager: Mounting plugin CryptoKeys
LogPluginManager: Mounting plugin CurveEditorTools
LogPluginManager: Mounting plugin DataValidation
LogPluginManager: Mounting plugin FacialAnimation
LogPluginManager: Mounting plugin GameplayTagsEditor
LogPluginManager: Mounting plugin MacGraphicsSwitching
LogPluginManager: Mounting plugin MaterialAnalyzer
LogPluginManager: Mounting plugin MobileLauncherProfileWizard
LogPluginManager: Mounting plugin PluginBrowser
LogPluginManager: Mounting plugin SpeedTreeImporter
LogPluginManager: Mounting plugin DatasmithContent
LogPluginManager: Mounting plugin VariantManagerContent
LogPluginManager: Mounting plugin AlembicImporter
LogPluginManager: Mounting plugin AutomationUtils
LogPluginManager: Mounting plugin BackChannel
LogPluginManager: Mounting plugin CharacterAI
LogPluginManager: Mounting plugin GeometryCache
LogPluginManager: Mounting plugin PlatformCrypto
LogPluginManager: Mounting plugin ProxyLODPlugin
LogPluginManager: Mounting plugin SkeletalReduction
LogPluginManager: Mounting plugin MagicLeap
LogPluginManager: Mounting plugin MagicLeapMedia
LogPluginManager: Mounting plugin MLSDK
LogPluginManager: Mounting plugin AndroidMedia
LogPluginManager: Mounting plugin AvfMedia
LogPluginManager: Mounting plugin ImgMedia
LogPluginManager: Mounting plugin MediaCompositing
LogPluginManager: Mounting plugin MediaPlayerEditor
LogPluginManager: Mounting plugin WebMMedia
LogPluginManager: Mounting plugin WmfMedia
LogPluginManager: Mounting plugin TcpMessaging
LogPluginManager: Mounting plugin UdpMessaging
LogPluginManager: Mounting plugin ActorSequence
LogPluginManager: Mounting plugin LevelSequenceEditor
LogPluginManager: Mounting plugin MatineeToLevelSequence
LogPluginManager: Mounting plugin NetcodeUnitTest
LogPluginManager: Mounting plugin NUTUnrealEngine4
LogPluginManager: Mounting plugin OnlineSubsystemGooglePlay
LogPluginManager: Mounting plugin OnlineSubsystemIOS
LogPluginManager: Mounting plugin OnlineSubsystem
LogPluginManager: Mounting plugin OnlineSubsystemNull
LogPluginManager: Mounting plugin OnlineSubsystemUtils
LogPluginManager: Mounting plugin LauncherChunkInstaller
LogPluginManager: Mounting plugin AndroidDeviceProfileSelector
LogPluginManager: Mounting plugin AndroidMoviePlayer
LogPluginManager: Mounting plugin AndroidPermission
LogPluginManager: Mounting plugin AppleImageUtils
LogPluginManager: Mounting plugin AppleMoviePlayer
LogPluginManager: Mounting plugin ArchVisCharacter
LogPluginManager: Mounting plugin AssetTags
LogPluginManager: Mounting plugin AudioCapture
LogPluginManager: Mounting plugin CableComponent
LogPluginManager: Mounting plugin CustomMeshComponent
LogPluginManager: Mounting plugin EditableMesh
LogPluginManager: Mounting plugin ExampleDeviceProfileSelector
LogPluginManager: Mounting plugin GoogleCloudMessaging
LogPluginManager: Mounting plugin IOSDeviceProfileSelector
LogPluginManager: Mounting plugin LinuxDeviceProfileSelector
LogPluginManager: Mounting plugin LocationServicesBPLibrary
LogPluginManager: Mounting plugin MobilePatchingUtils
LogPluginManager: Mounting plugin OculusVR
LogPluginManager: Mounting plugin PhysXVehicles
LogPluginManager: Mounting plugin PostSplashScreen
LogPluginManager: Mounting plugin ProceduralMeshComponent
LogPluginManager: Mounting plugin RuntimePhysXCooking
LogPluginManager: Mounting plugin SignificanceManager
LogPluginManager: Mounting plugin WebMMoviePlayer
LogPluginManager: Mounting plugin WindowsMoviePlayer
LogPluginManager: Mounting plugin ScreenshotTools
Launching UnrealBuildTool... [D:/Epic Games/Epic Game Games/UE_4.24/Engine/Binaries/DotNET/UnrealBuildTool.exe -Mode=QueryTargets -Project="C:/Users/user/Documents/GitHub/ArenaFighter/ArenaFighter.uproject" -Output="C:/Users/user/Documents/GitHub/ArenaFighter/Intermediate/TargetInfo.json"]
LogInit: Using libcurl 7.55.1-DEV
LogInit:  - built for x86_64-pc-win32
LogInit:  - supports SSL with OpenSSL/1.1.1
LogInit:  - supports HTTP deflate (compression) using libz 1.2.8
LogInit:  - other features:
LogInit:      CURL_VERSION_SSL
LogInit:      CURL_VERSION_LIBZ
LogInit:      CURL_VERSION_IPV6
LogInit:      CURL_VERSION_ASYNCHDNS
LogInit:      CURL_VERSION_LARGEFILE
LogInit:      CURL_VERSION_IDN
LogInit:  CurlRequestOptions (configurable via config and command line):
LogInit:  - bVerifyPeer = true  - Libcurl will verify peer certificate
LogInit:  - bUseHttpProxy = false  - Libcurl will NOT use HTTP proxy
LogInit:  - bDontReuseConnections = false  - Libcurl will reuse connections
LogInit:  - MaxHostConnections = 16  - Libcurl will limit the number of connections to a host
LogInit:  - LocalHostAddr = Default
LogInit:  - BufferSize = 65536
LogOnline: OSS: Creating online subsystem instance for: NULL
LogInit: WinSock: version 1.1 (2.2), MaxSocks=32767, MaxUdp=65467
LogOnline: OSS: TryLoadSubsystemAndSetDefault: Loaded subsystem for module [NULL]
LogInit: Build: ++UE4+Release-4.24-CL-11590370
LogInit: Engine Version: 4.24.3-11590370+++UE4+Release-4.24
LogInit: Compatible Engine Version: 4.24.0-10570792+++UE4+Release-4.24
LogInit: Net CL: 10570792
LogInit: OS: Windows 10 (Release 2004) (), CPU: Intel(R) Core(TM) i7-7700 CPU @ 3.60GHz, GPU: NVIDIA GeForce GTX 1080
LogInit: Compiled (64-bit): Feb 24 2020 15:39:18
LogInit: Compiled with Visual C++: 19.16.27032.01
LogInit: Build Configuration: Development
LogInit: Branch Name: ++UE4+Release-4.24
LogInit: Command Line: 
LogInit: Base Directory: D:/Epic Games/Epic Game Games/UE_4.24/Engine/Binaries/Win64/
LogInit: Installed Engine Build: 1
LogDevObjectVersion: Number of dev versions registered: 25
LogDevObjectVersion:   Dev-Blueprints (B0D832E4-1F89-4F0D-ACCF-7EB736FD4AA2): 10
LogDevObjectVersion:   Dev-Build (E1C64328-A22C-4D53-A36C-8E866417BD8C): 0
LogDevObjectVersion:   Dev-Core (375EC13C-06E4-48FB-B500-84F0262A717E): 3
LogDevObjectVersion:   Dev-Editor (E4B068ED-F494-42E9-A231-DA0B2E46BB41): 37
LogDevObjectVersion:   Dev-Framework (CFFC743F-43B0-4480-9391-14DF171D2073): 36
LogDevObjectVersion:   Dev-Mobile (B02B49B5-BB20-44E9-A304-32B752E40360): 2
LogDevObjectVersion:   Dev-Networking (A4E4105C-59A1-49B5-A7C5-40C4547EDFEE): 0
LogDevObjectVersion:   Dev-Online (39C831C9-5AE6-47DC-9A44-9C173E1C8E7C): 0
LogDevObjectVersion:   Dev-Physics (78F01B33-EBEA-4F98-B9B4-84EACCB95AA2): 2
LogDevObjectVersion:   Dev-Platform (6631380F-2D4D-43E0-8009-CF276956A95A): 0
LogDevObjectVersion:   Dev-Rendering (12F88B9F-8875-4AFC-A67C-D90C383ABD29): 36
LogDevObjectVersion:   Dev-Sequencer (7B5AE74C-D270-4C10-A958-57980B212A5A): 11
LogDevObjectVersion:   Dev-VR (D7296918-1DD6-4BDD-9DE2-64A83CC13884): 2
LogDevObjectVersion:   Dev-LoadTimes (C2A15278-BFE7-4AFE-6C17-90FF531DF755): 1
LogDevObjectVersion:   Private-Geometry (6EACA3D4-40EC-4CC1-B786-8BED09428FC5): 3
LogDevObjectVersion:   Dev-AnimPhys (29E575DD-E0A3-4627-9D10-D276232CDCEA): 17
LogDevObjectVersion:   Dev-Anim (AF43A65D-7FD3-4947-9873-3E8ED9C1BB05): 2
LogDevObjectVersion:   Dev-ReflectionCapture (6B266CEC-1EC7-4B8F-A30B-E4D90942FC07): 1
LogDevObjectVersion:   Dev-Automation (0DF73D61-A23F-47EA-B727-89E90C41499A): 1
LogDevObjectVersion:   FortniteMain (601D1886-AC64-4F84-AA16-D3DE0DEAC7D6): 31
LogDevObjectVersion:   Dev-Enterprise (9DFFBCD6-494F-0158-E221-12823C92A888): 8
LogDevObjectVersion:   Dev-Niagara (F2AED0AC-9AFE-416F-8664-AA7FFA26D6FC): 1
LogDevObjectVersion:   Dev-Destruction (174F1F0B-B4C6-45A5-B13F-2EE8D0FB917D): 9
LogDevObjectVersion:   Dev-Physics-Ext (35F94A83-E258-406C-A318-09F59610247C): 8
LogDevObjectVersion:   Dev-CineCamera (B2E18506-4273-CFC2-A54E-F4BB758BBA07): 1
LogInit: Presizing for max 25165824 objects, including 0 objects not considered by GC, pre-allocating 0 bytes for permanent pool.
LogInit: Object subsystem initialized
LogConfig: Setting CVar [[con.DebugEarlyDefault:1]]
LogConfig: Setting CVar [[r.setres:1280x720]]
[2020.09.30-21.43.09:967][  0]LogConfig: Setting CVar [[r.VSync:0]]
[2020.09.30-21.43.09:967][  0]LogConfig: Setting CVar [[r.RHICmdBypass:0]]
[2020.09.30-21.43.09:967][  0]LogConfig: Applying CVar settings from Section [/Script/Engine.RendererSettings] File [C:/Users/user/Documents/GitHub/ArenaFighter/Saved/Config/Windows/Engine.ini]
[2020.09.30-21.43.09:967][  0]LogConfig: Setting CVar [[r.GPUCrashDebugging:0]]
[2020.09.30-21.43.09:967][  0]LogConfig: Applying CVar settings from Section [/Script/Engine.RendererOverrideSettings] File [C:/Users/user/Documents/GitHub/ArenaFighter/Saved/Config/Windows/Engine.ini]
[2020.09.30-21.43.09:967][  0]LogConfig: Applying CVar settings from Section [/Script/Engine.StreamingSettings] File [C:/Users/user/Documents/GitHub/ArenaFighter/Saved/Config/Windows/Engine.ini]
[2020.09.30-21.43.09:967][  0]LogConfig: Setting CVar [[s.MinBulkDataSizeForAsyncLoading:131072]]
[2020.09.30-21.43.09:967][  0]LogConfig: Setting CVar [[s.AsyncLoadingThreadEnabled:0]]
[2020.09.30-21.43.09:967][  0]LogConfig: Setting CVar [[s.EventDrivenLoaderEnabled:1]]
[2020.09.30-21.43.09:967][  0]LogConfig: Setting CVar [[s.WarnIfTimeLimitExceeded:0]]
[2020.09.30-21.43.09:967][  0]LogConfig: Setting CVar [[s.TimeLimitExceededMultiplier:1.5]]
[2020.09.30-21.43.09:967][  0]LogConfig: Setting CVar [[s.TimeLimitExceededMinTime:0.005]]
[2020.09.30-21.43.09:967][  0]LogConfig: Setting CVar [[s.UseBackgroundLevelStreaming:1]]
[2020.09.30-21.43.09:967][  0]LogConfig: Setting CVar [[s.PriorityAsyncLoadingExtraTime:15.0]]
[2020.09.30-21.43.09:967][  0]LogConfig: Setting CVar [[s.LevelStreamingActorsUpdateTimeLimit:5.0]]
[2020.09.30-21.43.09:967][  0]LogConfig: Setting CVar [[s.PriorityLevelStreamingActorsUpdateExtraTime:5.0]]
[2020.09.30-21.43.09:967][  0]LogConfig: Setting CVar [[s.LevelStreamingComponentsRegistrationGranularity:10]]
[2020.09.30-21.43.09:967][  0]LogConfig: Setting CVar [[s.UnregisterComponentsTimeLimit:1.0]]
[2020.09.30-21.43.09:967][  0]LogConfig: Setting CVar [[s.LevelStreamingComponentsUnregistrationGranularity:5]]
[2020.09.30-21.43.09:967][  0]LogConfig: Setting CVar [[s.FlushStreamingOnExit:1]]
[2020.09.30-21.43.09:967][  0]LogConfig: Applying CVar settings from Section [/Script/Engine.GarbageCollectionSettings] File [C:/Users/user/Documents/GitHub/ArenaFighter/Saved/Config/Windows/Engine.ini]
[2020.09.30-21.43.09:967][  0]LogConfig: Setting CVar [[gc.MaxObjectsNotConsideredByGC:1]]
[2020.09.30-21.43.09:967][  0]LogConfig: Setting CVar [[gc.SizeOfPermanentObjectPool:0]]
[2020.09.30-21.43.09:967][  0]LogConfig: Setting CVar [[gc.FlushStreamingOnGC:0]]
[2020.09.30-21.43.09:967][  0]LogConfig: Setting CVar [[gc.NumRetriesBeforeForcingGC:10]]
[2020.09.30-21.43.09:967][  0]LogConfig: Setting CVar [[gc.AllowParallelGC:1]]
[2020.09.30-21.43.09:967][  0]LogConfig: Setting CVar [[gc.TimeBetweenPurgingPendingKillObjects:61.1]]
[2020.09.30-21.43.09:967][  0]LogConfig: Setting CVar [[gc.MaxObjectsInEditor:25165824]]
[2020.09.30-21.43.09:967][  0]LogConfig: Setting CVar [[gc.IncrementalBeginDestroyEnabled:1]]
[2020.09.30-21.43.09:967][  0]LogConfig: Setting CVar [[gc.CreateGCClusters:1]]
[2020.09.30-21.43.09:967][  0]LogConfig: Setting CVar [[gc.MinGCClusterSize:5]]
[2020.09.30-21.43.09:967][  0]LogConfig: Setting CVar [[gc.ActorClusteringEnabled:0]]
[2020.09.30-21.43.09:967][  0]LogConfig: Setting CVar [[gc.BlueprintClusteringEnabled:0]]
[2020.09.30-21.43.09:967][  0]LogConfig: Setting CVar [[gc.UseDisregardForGCOnDedicatedServers:0]]
[2020.09.30-21.43.09:967][  0]LogConfig: Applying CVar settings from Section [/Script/Engine.NetworkSettings] File [C:/Users/user/Documents/GitHub/ArenaFighter/Saved/Config/Windows/Engine.ini]
[2020.09.30-21.43.09:967][  0]LogConfig: Applying CVar settings from Section [/Script/UnrealEd.CookerSettings] File [C:/Users/user/Documents/GitHub/ArenaFighter/Saved/Config/Windows/Engine.ini]
[2020.09.30-21.43.09:974][  0]LogConfig: Applying CVar settings from Section [ViewDistanceQuality@3] File [C:/Users/user/Documents/GitHub/ArenaFighter/Saved/Config/Windows/Scalability.ini]
[2020.09.30-21.43.09:974][  0]LogConfig: Setting CVar [[r.SkeletalMeshLODBias:0]]
[2020.09.30-21.43.09:974][  0]LogConfig: Setting CVar [[r.ViewDistanceScale:1.0]]
[2020.09.30-21.43.09:974][  0]LogConfig: Applying CVar settings from Section [AntiAliasingQuality@3] File [C:/Users/user/Documents/GitHub/ArenaFighter/Saved/Config/Windows/Scalability.ini]
[2020.09.30-21.43.09:974][  0]LogConfig: Setting CVar [[r.PostProcessAAQuality:4]]
[2020.09.30-21.43.09:974][  0]LogConfig: Applying CVar settings from Section [ShadowQuality@3] File [C:/Users/user/Documents/GitHub/ArenaFighter/Saved/Config/Windows/Scalability.ini]
[2020.09.30-21.43.09:974][  0]LogConfig: Setting CVar [[r.LightFunctionQuality:1]]
[2020.09.30-21.43.09:974][  0]LogConfig: Setting CVar [[r.ShadowQuality:5]]
[2020.09.30-21.43.09:974][  0]LogConfig: Setting CVar [[r.Shadow.CSM.MaxCascades:10]]
[2020.09.30-21.43.09:974][  0]LogConfig: Setting CVar [[r.Shadow.MaxResolution:2048]]
[2020.09.30-21.43.09:974][  0]LogConfig: Setting CVar [[r.Shadow.MaxCSMResolution:2048]]
[2020.09.30-21.43.09:974][  0]LogConfig: Setting CVar [[r.Shadow.RadiusThreshold:0.01]]
[2020.09.30-21.43.09:974][  0]LogConfig: Setting CVar [[r.Shadow.DistanceScale:1.0]]
[2020.09.30-21.43.09:974][  0]LogConfig: Setting CVar [[r.Shadow.CSM.TransitionScale:1.0]]
[2020.09.30-21.43.09:974][  0]LogConfig: Setting CVar [[r.Shadow.PreShadowResolutionFactor:1.0]]
[2020.09.30-21.43.09:974][  0]LogConfig: Setting CVar [[r.DistanceFieldShadowing:1]]
[2020.09.30-21.43.09:974][  0]LogConfig: Setting CVar [[r.DistanceFieldAO:1]]
[2020.09.30-21.43.09:974][  0]LogConfig: Setting CVar [[r.AOQuality:2]]
[2020.09.30-21.43.09:974][  0]LogConfig: Setting CVar [[r.VolumetricFog:1]]
[2020.09.30-21.43.09:974][  0]LogConfig: Setting CVar [[r.VolumetricFog.GridPixelSize:8]]
[2020.09.30-21.43.09:974][  0]LogConfig: Setting CVar [[r.VolumetricFog.GridSizeZ:128]]
[2020.09.30-21.43.09:974][  0]LogConfig: Setting CVar [[r.VolumetricFog.HistoryMissSupersampleCount:4]]
[2020.09.30-21.43.09:974][  0]LogConfig: Setting CVar [[r.LightMaxDrawDistanceScale:1]]
[2020.09.30-21.43.09:974][  0]LogConfig: Setting CVar [[r.CapsuleShadows:1]]
[2020.09.30-21.43.09:974][  0]LogConfig: Applying CVar settings from Section [PostProcessQuality@3] File [C:/Users/user/Documents/GitHub/ArenaFighter/Saved/Config/Windows/Scalability.ini]
[2020.09.30-21.43.09:974][  0]LogConfig: Setting CVar [[r.MotionBlurQuality:4]]
[2020.09.30-21.43.09:974][  0]LogConfig: Setting CVar [[r.AmbientOcclusionMipLevelFactor:0.4]]
[2020.09.30-21.43.09:974][  0]LogConfig: Setting CVar [[r.AmbientOcclusionMaxQuality:100]]
[2020.09.30-21.43.09:974][  0]LogConfig: Setting CVar [[r.AmbientOcclusionLevels:-1]]
[2020.09.30-21.43.09:974][  0]LogConfig: Setting CVar [[r.AmbientOcclusionRadiusScale:1.0]]
[2020.09.30-21.43.09:974][  0]LogConfig: Setting CVar [[r.DepthOfFieldQuality:2]]
[2020.09.30-21.43.09:974][  0]LogConfig: Setting CVar [[r.RenderTargetPoolMin:400]]
[2020.09.30-21.43.09:974][  0]LogConfig: Setting CVar [[r.LensFlareQuality:2]]
[2020.09.30-21.43.09:974][  0]LogConfig: Setting CVar [[r.SceneColorFringeQuality:1]]
[2020.09.30-21.43.09:975][  0]LogConfig: Setting CVar [[r.EyeAdaptationQuality:2]]
[2020.09.30-21.43.09:975][  0]LogConfig: Setting CVar [[r.BloomQuality:5]]
[2020.09.30-21.43.09:975][  0]LogConfig: Setting CVar [[r.FastBlurThreshold:100]]
[2020.09.30-21.43.09:975][  0]LogConfig: Setting CVar [[r.Upscale.Quality:3]]
[2020.09.30-21.43.09:975][  0]LogConfig: Setting CVar [[r.Tonemapper.GrainQuantization:1]]
[2020.09.30-21.43.09:975][  0]LogConfig: Setting CVar [[r.LightShaftQuality:1]]
[2020.09.30-21.43.09:975][  0]LogConfig: Setting CVar [[r.Filter.SizeScale:1]]
[2020.09.30-21.43.09:975][  0]LogConfig: Setting CVar [[r.Tonemapper.Quality:5]]
[2020.09.30-21.43.09:975][  0]LogConfig: Setting CVar [[r.DOF.Gather.AccumulatorQuality:1        ; higher gathering accumulator quality]]
[2020.09.30-21.43.09:975][  0]LogConfig: Setting CVar [[r.DOF.Gather.PostfilterMethod:1          ; Median3x3 postfilering method]]
[2020.09.30-21.43.09:975][  0]LogConfig: Setting CVar [[r.DOF.Gather.EnableBokehSettings:0       ; no bokeh simulation when gathering]]
[2020.09.30-21.43.09:975][  0]LogConfig: Setting CVar [[r.DOF.Gather.RingCount:4                 ; medium number of samples when gathering]]
[2020.09.30-21.43.09:975][  0]LogConfig: Setting CVar [[r.DOF.Scatter.ForegroundCompositing:1    ; additive foreground scattering]]
[2020.09.30-21.43.09:975][  0]LogConfig: Setting CVar [[r.DOF.Scatter.BackgroundCompositing:2    ; additive background scattering]]
[2020.09.30-21.43.09:975][  0]LogConfig: Setting CVar [[r.DOF.Scatter.EnableBokehSettings:1      ; bokeh simulation when scattering]]
[2020.09.30-21.43.09:975][  0]LogConfig: Setting CVar [[r.DOF.Scatter.MaxSpriteRatio:0.1         ; only a maximum of 10% of scattered bokeh]]
[2020.09.30-21.43.09:975][  0]LogConfig: Setting CVar [[r.DOF.Recombine.Quality:1                ; cheap slight out of focus]]
[2020.09.30-21.43.09:975][  0]LogConfig: Setting CVar [[r.DOF.Recombine.EnableBokehSettings:0    ; no bokeh simulation on slight out of focus]]
[2020.09.30-21.43.09:975][  0]LogConfig: Setting CVar [[r.DOF.TemporalAAQuality:1                ; more stable temporal accumulation]]
[2020.09.30-21.43.09:975][  0]LogConfig: Setting CVar [[r.DOF.Kernel.MaxForegroundRadius:0.025]]
[2020.09.30-21.43.09:975][  0]LogConfig: Setting CVar [[r.DOF.Kernel.MaxBackgroundRadius:0.025]]
[2020.09.30-21.43.09:975][  0]LogConfig: Applying CVar settings from Section [TextureQuality@3] File [C:/Users/user/Documents/GitHub/ArenaFighter/Saved/Config/Windows/Scalability.ini]
[2020.09.30-21.43.09:975][  0]LogConfig: Setting CVar [[r.Streaming.MipBias:0]]
[2020.09.30-21.43.09:975][  0]LogConfig: Setting CVar [[r.Streaming.AmortizeCPUToGPUCopy:0]]
[2020.09.30-21.43.09:975][  0]LogConfig: Setting CVar [[r.Streaming.MaxNumTexturesToStreamPerFrame:0]]
[2020.09.30-21.43.09:975][  0]LogConfig: Setting CVar [[r.Streaming.Boost:1]]
[2020.09.30-21.43.09:975][  0]LogConfig: Setting CVar [[r.MaxAnisotropy:8]]
[2020.09.30-21.43.09:975][  0]LogConfig: Setting CVar [[r.VT.MaxAnisotropy:8]]
[2020.09.30-21.43.09:975][  0]LogConfig: Setting CVar [[r.Streaming.LimitPoolSizeToVRAM:0]]
[2020.09.30-21.43.09:975][  0]LogConfig: Setting CVar [[r.Streaming.PoolSize:1000]]
[2020.09.30-21.43.09:975][  0]LogConfig: Setting CVar [[r.Streaming.MaxEffectiveScreenSize:0]]
[2020.09.30-21.43.09:975][  0]LogConfig: Applying CVar settings from Section [EffectsQuality@3] File [C:/Users/user/Documents/GitHub/ArenaFighter/Saved/Config/Windows/Scalability.ini]
[2020.09.30-21.43.09:975][  0]LogConfig: Setting CVar [[r.TranslucencyLightingVolumeDim:64]]
[2020.09.30-21.43.09:975][  0]LogConfig: Setting CVar [[r.RefractionQuality:2]]
[2020.09.30-21.43.09:975][  0]LogConfig: Setting CVar [[r.SSR.Quality:3]]
[2020.09.30-21.43.09:975][  0]LogConfig: Setting CVar [[r.SSR.HalfResSceneColor:0]]
[2020.09.30-21.43.09:975][  0]LogConfig: Setting CVar [[r.SceneColorFormat:4]]
[2020.09.30-21.43.09:975][  0]LogConfig: Setting CVar [[r.DetailMode:2]]
[2020.09.30-21.43.09:975][  0]LogConfig: Setting CVar [[r.TranslucencyVolumeBlur:1]]
[2020.09.30-21.43.09:975][  0]LogConfig: Setting CVar [[r.MaterialQualityLevel:1 ; High quality]]
[2020.09.30-21.43.09:975][  0]LogConfig: Setting CVar [[r.SSS.Scale:1]]
[2020.09.30-21.43.09:975][  0]LogConfig: Setting CVar [[r.SSS.SampleSet:2]]
[2020.09.30-21.43.09:975][  0]LogConfig: Setting CVar [[r.SSS.Quality:1]]
[2020.09.30-21.43.09:975][  0]LogConfig: Setting CVar [[r.SSS.HalfRes:1]]
[2020.09.30-21.43.09:975][  0]LogConfig: Setting CVar [[r.SSGI.Quality:3]]
[2020.09.30-21.43.09:975][  0]LogConfig: Setting CVar [[r.EmitterSpawnRateScale:1.0]]
[2020.09.30-21.43.09:975][  0]LogConfig: Setting CVar [[r.ParticleLightQuality:2]]
[2020.09.30-21.43.09:975][  0]LogConfig: Setting CVar [[r.SkyAtmosphere.AerialPerspectiveLUT.FastApplyOnOpaque:1 ; Always have FastSkyLUT 1 in this case to avoid wrong sky]]
[2020.09.30-21.43.09:975][  0]LogConfig: Setting CVar [[r.SkyAtmosphere.AerialPerspectiveLUT.SampleCountPerSlice:1]]
[2020.09.30-21.43.09:975][  0]LogConfig: Setting CVar [[r.SkyAtmosphere.AerialPerspectiveLUT.DepthResolution:16.0]]
[2020.09.30-21.43.09:975][  0]LogConfig: Setting CVar [[r.SkyAtmosphere.FastSkyLUT:1]]
[2020.09.30-21.43.09:975][  0]LogConfig: Setting CVar [[r.SkyAtmosphere.FastSkyLUT.SampleCountMin:4.0]]
[2020.09.30-21.43.09:975][  0]LogConfig: Setting CVar [[r.SkyAtmosphere.FastSkyLUT.SampleCountMax:32.0]]
[2020.09.30-21.43.09:975][  0]LogConfig: Setting CVar [[r.SkyAtmosphere.SampleCountMin:4.0]]
[2020.09.30-21.43.09:975][  0]LogConfig: Setting CVar [[r.SkyAtmosphere.SampleCountMax:32.0]]
[2020.09.30-21.43.09:975][  0]LogConfig: Setting CVar [[r.SkyAtmosphere.TransmittanceLUT.UseSmallFormat:0]]
[2020.09.30-21.43.09:975][  0]LogConfig: Setting CVar [[r.SkyAtmosphere.TransmittanceLUT.SampleCount:10.0]]
[2020.09.30-21.43.09:975][  0]LogConfig: Setting CVar [[r.SkyAtmosphere.MultiScatteringLUT.SampleCount:15.0]]
[2020.09.30-21.43.09:975][  0]LogConfig: Applying CVar settings from Section [FoliageQuality@3] File [C:/Users/user/Documents/GitHub/ArenaFighter/Saved/Config/Windows/Scalability.ini]
[2020.09.30-21.43.09:975][  0]LogConfig: Setting CVar [[foliage.DensityScale:1.0]]
[2020.09.30-21.43.09:975][  0]LogConfig: Setting CVar [[grass.DensityScale:1.0]]
[2020.09.30-21.43.09:975][  0]LogConfig: Applying CVar settings from Section [ShadingQuality@3] File [C:/Users/user/Documents/GitHub/ArenaFighter/Saved/Config/Windows/Scalability.ini]
[2020.09.30-21.43.09:975][  0]LogConfig: Setting CVar [[r.HairStrands.SkyLighting.SampleCount:16]]
[2020.09.30-21.43.09:975][  0]LogConfig: Setting CVar [[r.HairStrands.SkyLighting.JitterIntegration:0]]
[2020.09.30-21.43.09:975][  0]LogConfig: Setting CVar [[r.HairStrands.SkyAO.SampleCount:16]]
[2020.09.30-21.43.09:975][  0]LogInit: Selected Device Profile: [Windows]
[2020.09.30-21.43.09:975][  0]LogInit: Applying CVar settings loaded from the selected device profile: [Windows]
[2020.09.30-21.43.09:977][  0]LogHAL: Display: Platform has ~ 16 GB [17146363904 / 17179869184 / 16], which maps to Larger [LargestMinGB=32, LargerMinGB=12, DefaultMinGB=8, SmallerMinGB=6, SmallestMinGB=0)
[2020.09.30-21.43.09:977][  0]LogInit: Going up to parent DeviceProfile []
[2020.09.30-21.43.09:977][  0]LogConfig: Applying CVar settings from Section [ViewDistanceQuality@3] File [C:/Users/user/Documents/GitHub/ArenaFighter/Saved/Config/Windows/Scalability.ini]
[2020.09.30-21.43.09:977][  0]LogConfig: Setting CVar [[r.SkeletalMeshLODBias:0]]
[2020.09.30-21.43.09:977][  0]LogConfig: Setting CVar [[r.ViewDistanceScale:1.0]]
[2020.09.30-21.43.09:977][  0]LogConfig: Applying CVar settings from Section [AntiAliasingQuality@3] File [C:/Users/user/Documents/GitHub/ArenaFighter/Saved/Config/Windows/Scalability.ini]
[2020.09.30-21.43.09:977][  0]LogConfig: Setting CVar [[r.PostProcessAAQuality:4]]
[2020.09.30-21.43.09:977][  0]LogConfig: Applying CVar settings from Section [ShadowQuality@3] File [C:/Users/user/Documents/GitHub/ArenaFighter/Saved/Config/Windows/Scalability.ini]
[2020.09.30-21.43.09:977][  0]LogConfig: Setting CVar [[r.LightFunctionQuality:1]]
[2020.09.30-21.43.09:977][  0]LogConfig: Setting CVar [[r.ShadowQuality:5]]
[2020.09.30-21.43.09:977][  0]LogConfig: Setting CVar [[r.Shadow.CSM.MaxCascades:10]]
[2020.09.30-21.43.09:977][  0]LogConfig: Setting CVar [[r.Shadow.MaxResolution:2048]]
[2020.09.30-21.43.09:977][  0]LogConfig: Setting CVar [[r.Shadow.MaxCSMResolution:2048]]
[2020.09.30-21.43.09:977][  0]LogConfig: Setting CVar [[r.Shadow.RadiusThreshold:0.01]]
[2020.09.30-21.43.09:977][  0]LogConfig: Setting CVar [[r.Shadow.DistanceScale:1.0]]
[2020.09.30-21.43.09:977][  0]LogConfig: Setting CVar [[r.Shadow.CSM.TransitionScale:1.0]]
[2020.09.30-21.43.09:977][  0]LogConfig: Setting CVar [[r.Shadow.PreShadowResolutionFactor:1.0]]
[2020.09.30-21.43.09:977][  0]LogConfig: Setting CVar [[r.DistanceFieldShadowing:1]]
[2020.09.30-21.43.09:977][  0]LogConfig: Setting CVar [[r.DistanceFieldAO:1]]
[2020.09.30-21.43.09:977][  0]LogConfig: Setting CVar [[r.AOQuality:2]]
[2020.09.30-21.43.09:977][  0]LogConfig: Setting CVar [[r.VolumetricFog:1]]
[2020.09.30-21.43.09:977][  0]LogConfig: Setting CVar [[r.VolumetricFog.GridPixelSize:8]]
[2020.09.30-21.43.09:977][  0]LogConfig: Setting CVar [[r.VolumetricFog.GridSizeZ:128]]
[2020.09.30-21.43.09:977][  0]LogConfig: Setting CVar [[r.VolumetricFog.HistoryMissSupersampleCount:4]]
[2020.09.30-21.43.09:977][  0]LogConfig: Setting CVar [[r.LightMaxDrawDistanceScale:1]]
[2020.09.30-21.43.09:977][  0]LogConfig: Setting CVar [[r.CapsuleShadows:1]]
[2020.09.30-21.43.09:977][  0]LogConfig: Applying CVar settings from Section [PostProcessQuality@3] File [C:/Users/user/Documents/GitHub/ArenaFighter/Saved/Config/Windows/Scalability.ini]
[2020.09.30-21.43.09:977][  0]LogConfig: Setting CVar [[r.MotionBlurQuality:4]]
[2020.09.30-21.43.09:977][  0]LogConfig: Setting CVar [[r.AmbientOcclusionMipLevelFactor:0.4]]
[2020.09.30-21.43.09:977][  0]LogConfig: Setting CVar [[r.AmbientOcclusionMaxQuality:100]]
[2020.09.30-21.43.09:977][  0]LogConfig: Setting CVar [[r.AmbientOcclusionLevels:-1]]
[2020.09.30-21.43.09:977][  0]LogConfig: Setting CVar [[r.AmbientOcclusionRadiusScale:1.0]]
[2020.09.30-21.43.09:977][  0]LogConfig: Setting CVar [[r.DepthOfFieldQuality:2]]
[2020.09.30-21.43.09:977][  0]LogConfig: Setting CVar [[r.RenderTargetPoolMin:400]]
[2020.09.30-21.43.09:977][  0]LogConfig: Setting CVar [[r.LensFlareQuality:2]]
[2020.09.30-21.43.09:977][  0]LogConfig: Setting CVar [[r.SceneColorFringeQuality:1]]
[2020.09.30-21.43.09:977][  0]LogConfig: Setting CVar [[r.EyeAdaptationQuality:2]]
[2020.09.30-21.43.09:977][  0]LogConfig: Setting CVar [[r.BloomQuality:5]]
[2020.09.30-21.43.09:977][  0]LogConfig: Setting CVar [[r.FastBlurThreshold:100]]
[2020.09.30-21.43.09:978][  0]LogConfig: Setting CVar [[r.Upscale.Quality:3]]
[2020.09.30-21.43.09:978][  0]LogConfig: Setting CVar [[r.Tonemapper.GrainQuantization:1]]
[2020.09.30-21.43.09:978][  0]LogConfig: Setting CVar [[r.LightShaftQuality:1]]
[2020.09.30-21.43.09:978][  0]LogConfig: Setting CVar [[r.Filter.SizeScale:1]]
[2020.09.30-21.43.09:978][  0]LogConfig: Setting CVar [[r.Tonemapper.Quality:5]]
[2020.09.30-21.43.09:978][  0]LogConfig: Setting CVar [[r.DOF.Gather.AccumulatorQuality:1        ; higher gathering accumulator quality]]
[2020.09.30-21.43.09:978][  0]LogConfig: Setting CVar [[r.DOF.Gather.PostfilterMethod:1          ; Median3x3 postfilering method]]
[2020.09.30-21.43.09:978][  0]LogConfig: Setting CVar [[r.DOF.Gather.EnableBokehSettings:0       ; no bokeh simulation when gathering]]
[2020.09.30-21.43.09:978][  0]LogConfig: Setting CVar [[r.DOF.Gather.RingCount:4                 ; medium number of samples when gathering]]
[2020.09.30-21.43.09:978][  0]LogConfig: Setting CVar [[r.DOF.Scatter.ForegroundCompositing:1    ; additive foreground scattering]]
[2020.09.30-21.43.09:978][  0]LogConfig: Setting CVar [[r.DOF.Scatter.BackgroundCompositing:2    ; additive background scattering]]
[2020.09.30-21.43.09:978][  0]LogConfig: Setting CVar [[r.DOF.Scatter.EnableBokehSettings:1      ; bokeh simulation when scattering]]
[2020.09.30-21.43.09:978][  0]LogConfig: Setting CVar [[r.DOF.Scatter.MaxSpriteRatio:0.1         ; only a maximum of 10% of scattered bokeh]]
[2020.09.30-21.43.09:978][  0]LogConfig: Setting CVar [[r.DOF.Recombine.Quality:1                ; cheap slight out of focus]]
[2020.09.30-21.43.09:978][  0]LogConfig: Setting CVar [[r.DOF.Recombine.EnableBokehSettings:0    ; no bokeh simulation on slight out of focus]]
[2020.09.30-21.43.09:978][  0]LogConfig: Setting CVar [[r.DOF.TemporalAAQuality:1                ; more stable temporal accumulation]]
[2020.09.30-21.43.09:978][  0]LogConfig: Setting CVar [[r.DOF.Kernel.MaxForegroundRadius:0.025]]
[2020.09.30-21.43.09:978][  0]LogConfig: Setting CVar [[r.DOF.Kernel.MaxBackgroundRadius:0.025]]
[2020.09.30-21.43.09:978][  0]LogConfig: Applying CVar settings from Section [TextureQuality@3] File [C:/Users/user/Documents/GitHub/ArenaFighter/Saved/Config/Windows/Scalability.ini]
[2020.09.30-21.43.09:978][  0]LogConfig: Setting CVar [[r.Streaming.MipBias:0]]
[2020.09.30-21.43.09:978][  0]LogConfig: Setting CVar [[r.Streaming.AmortizeCPUToGPUCopy:0]]
[2020.09.30-21.43.09:978][  0]LogConfig: Setting CVar [[r.Streaming.MaxNumTexturesToStreamPerFrame:0]]
[2020.09.30-21.43.09:978][  0]LogConfig: Setting CVar [[r.Streaming.Boost:1]]
[2020.09.30-21.43.09:978][  0]LogConfig: Setting CVar [[r.MaxAnisotropy:8]]
[2020.09.30-21.43.09:978][  0]LogConfig: Setting CVar [[r.VT.MaxAnisotropy:8]]
[2020.09.30-21.43.09:978][  0]LogConfig: Setting CVar [[r.Streaming.LimitPoolSizeToVRAM:0]]
[2020.09.30-21.43.09:978][  0]LogConfig: Setting CVar [[r.Streaming.PoolSize:1000]]
[2020.09.30-21.43.09:978][  0]LogConfig: Setting CVar [[r.Streaming.MaxEffectiveScreenSize:0]]
[2020.09.30-21.43.09:978][  0]LogConfig: Applying CVar settings from Section [EffectsQuality@3] File [C:/Users/user/Documents/GitHub/ArenaFighter/Saved/Config/Windows/Scalability.ini]
[2020.09.30-21.43.09:978][  0]LogConfig: Setting CVar [[r.TranslucencyLightingVolumeDim:64]]
[2020.09.30-21.43.09:978][  0]LogConfig: Setting CVar [[r.RefractionQuality:2]]
[2020.09.30-21.43.09:978][  0]LogConfig: Setting CVar [[r.SSR.Quality:3]]
[2020.09.30-21.43.09:978][  0]LogConfig: Setting CVar [[r.SSR.HalfResSceneColor:0]]
[2020.09.30-21.43.09:978][  0]LogConfig: Setting CVar [[r.SceneColorFormat:4]]
[2020.09.30-21.43.09:978][  0]LogConfig: Setting CVar [[r.DetailMode:2]]
[2020.09.30-21.43.09:978][  0]LogConfig: Setting CVar [[r.TranslucencyVolumeBlur:1]]
[2020.09.30-21.43.09:978][  0]LogConfig: Setting CVar [[r.MaterialQualityLevel:1 ; High quality]]
[2020.09.30-21.43.09:978][  0]LogConfig: Setting CVar [[r.SSS.Scale:1]]
[2020.09.30-21.43.09:978][  0]LogConfig: Setting CVar [[r.SSS.SampleSet:2]]
[2020.09.30-21.43.09:978][  0]LogConfig: Setting CVar [[r.SSS.Quality:1]]
[2020.09.30-21.43.09:978][  0]LogConfig: Setting CVar [[r.SSS.HalfRes:1]]
[2020.09.30-21.43.09:978][  0]LogConfig: Setting CVar [[r.SSGI.Quality:3]]
[2020.09.30-21.43.09:978][  0]LogConfig: Setting CVar [[r.EmitterSpawnRateScale:1.0]]
[2020.09.30-21.43.09:978][  0]LogConfig: Setting CVar [[r.ParticleLightQuality:2]]
[2020.09.30-21.43.09:978][  0]LogConfig: Setting CVar [[r.SkyAtmosphere.AerialPerspectiveLUT.FastApplyOnOpaque:1 ; Always have FastSkyLUT 1 in this case to avoid wrong sky]]
[2020.09.30-21.43.09:978][  0]LogConfig: Setting CVar [[r.SkyAtmosphere.AerialPerspectiveLUT.SampleCountPerSlice:1]]
[2020.09.30-21.43.09:978][  0]LogConfig: Setting CVar [[r.SkyAtmosphere.AerialPerspectiveLUT.DepthResolution:16.0]]
[2020.09.30-21.43.09:978][  0]LogConfig: Setting CVar [[r.SkyAtmosphere.FastSkyLUT:1]]
[2020.09.30-21.43.09:978][  0]LogConfig: Setting CVar [[r.SkyAtmosphere.FastSkyLUT.SampleCountMin:4.0]]
[2020.09.30-21.43.09:978][  0]LogConfig: Setting CVar [[r.SkyAtmosphere.FastSkyLUT.SampleCountMax:32.0]]
[2020.09.30-21.43.09:978][  0]LogConfig: Setting CVar [[r.SkyAtmosphere.SampleCountMin:4.0]]
[2020.09.30-21.43.09:978][  0]LogConfig: Setting CVar [[r.SkyAtmosphere.SampleCountMax:32.0]]
[2020.09.30-21.43.09:978][  0]LogConfig: Setting CVar [[r.SkyAtmosphere.TransmittanceLUT.UseSmallFormat:0]]
[2020.09.30-21.43.09:978][  0]LogConfig: Setting CVar [[r.SkyAtmosphere.TransmittanceLUT.SampleCount:10.0]]
[2020.09.30-21.43.09:978][  0]LogConfig: Setting CVar [[r.SkyAtmosphere.MultiScatteringLUT.SampleCount:15.0]]
[2020.09.30-21.43.09:978][  0]LogConfig: Applying CVar settings from Section [FoliageQuality@3] File [C:/Users/user/Documents/GitHub/ArenaFighter/Saved/Config/Windows/Scalability.ini]
[2020.09.30-21.43.09:978][  0]LogConfig: Setting CVar [[foliage.DensityScale:1.0]]
[2020.09.30-21.43.09:978][  0]LogConfig: Setting CVar [[grass.DensityScale:1.0]]
[2020.09.30-21.43.09:978][  0]LogConfig: Applying CVar settings from Section [ShadingQuality@3] File [C:/Users/user/Documents/GitHub/ArenaFighter/Saved/Config/Windows/Scalability.ini]
[2020.09.30-21.43.09:978][  0]LogConfig: Setting CVar [[r.HairStrands.SkyLighting.SampleCount:16]]
[2020.09.30-21.43.09:978][  0]LogConfig: Setting CVar [[r.HairStrands.SkyLighting.JitterIntegration:0]]
[2020.09.30-21.43.09:978][  0]LogConfig: Setting CVar [[r.HairStrands.SkyAO.SampleCount:16]]
[2020.09.30-21.43.09:978][  0]LogConfig: Applying CVar settings from Section [Startup] File [../../../Engine/Config/ConsoleVariables.ini]
[2020.09.30-21.43.09:978][  0]LogConfig: Setting CVar [[net.UseAdaptiveNetUpdateFrequency:0]]
[2020.09.30-21.43.09:978][  0]LogConfig: Setting CVar [[p.chaos.AllowCreatePhysxBodies:1]]
[2020.09.30-21.43.09:978][  0]LogConfig: Applying CVar settings from Section [ConsoleVariables] File [C:/Users/user/Documents/GitHub/ArenaFighter/Saved/Config/Windows/Engine.ini]
[2020.09.30-21.43.09:978][  0]LogInit: Computer: KRYPTTVR3
[2020.09.30-21.43.09:978][  0]LogInit: User: user
[2020.09.30-21.43.09:978][  0]LogInit: CPU Page size=4096, Cores=4
[2020.09.30-21.43.09:978][  0]LogInit: High frequency timer resolution =10.000000 MHz
[2020.09.30-21.43.09:979][  0]LogMemory: Memory total: Physical=16.0GB (16GB approx)
[2020.09.30-21.43.09:979][  0]LogMemory: Platform Memory Stats for Windows
[2020.09.30-21.43.09:979][  0]LogMemory: Process Physical Memory: 109.76 MB used, 109.76 MB peak
[2020.09.30-21.43.09:979][  0]LogMemory: Process Virtual Memory: 99.37 MB used, 99.37 MB peak
[2020.09.30-21.43.09:979][  0]LogMemory: Physical Memory: 4694.74 MB used,  11657.31 MB free, 16352.05 MB total
[2020.09.30-21.43.09:979][  0]LogMemory: Virtual Memory: 5136.03 MB used,  134212592.00 MB free, 134217728.00 MB total
[2020.09.30-21.43.09:983][  0]LogWindows: WindowsPlatformFeatures enabled
[2020.09.30-21.43.10:008][  0]LogInit: Using OS detected language (en-US).
[2020.09.30-21.43.10:008][  0]LogInit: Using OS detected locale (en-AU).
[2020.09.30-21.43.10:009][  0]LogTextLocalizationManager: No specific localization for 'en-US' exists, so the 'en' localization will be used.
[2020.09.30-21.43.10:152][  0]LogInit: Setting process to per monitor DPI aware
[2020.09.30-21.43.10:192][  0]LogSlate: New Slate User Created.  User Index 0, Is Virtual User: 0
[2020.09.30-21.43.10:192][  0]LogSlate: Slate User Registered.  User Index 0, Is Virtual User: 0
[2020.09.30-21.43.10:288][  0]LogD3D11RHI: D3D11 min allowed feature level: 11_0
[2020.09.30-21.43.10:288][  0]LogD3D11RHI: D3D11 max allowed feature level: 11_0
[2020.09.30-21.43.10:288][  0]LogD3D11RHI: D3D11 adapters:
[2020.09.30-21.43.10:364][  0]LogD3D11RHI:    0. 'NVIDIA GeForce GTX 1080' (Feature Level 11_0)
[2020.09.30-21.43.10:364][  0]LogD3D11RHI:       8079/0/8176 MB DedicatedVideo/DedicatedSystem/SharedSystem, Outputs:2, VendorId:0x10de
[2020.09.30-21.43.10:367][  0]LogD3D11RHI:    1. 'Microsoft Basic Render Driver' (Feature Level 11_0)
[2020.09.30-21.43.10:367][  0]LogD3D11RHI:       0/0/8176 MB DedicatedVideo/DedicatedSystem/SharedSystem, Outputs:0, VendorId:0x1414
[2020.09.30-21.43.10:367][  0]LogD3D11RHI: Chosen D3D11 Adapter: 0
[2020.09.30-21.43.10:374][  0]LogD3D11RHI: Creating new Direct3DDevice
[2020.09.30-21.43.10:374][  0]LogD3D11RHI:     GPU DeviceId: 0x1b80 (for the marketing name, search the web for "GPU Device Id")
[2020.09.30-21.43.10:374][  0]LogWindows: EnumDisplayDevices:
[2020.09.30-21.43.10:375][  0]LogWindows:    0. 'NVIDIA GeForce GTX 1080' (P:0 D:1)
[2020.09.30-21.43.10:375][  0]LogWindows:    1. 'NVIDIA GeForce GTX 1080' (P:1 D:1)
[2020.09.30-21.43.10:375][  0]LogWindows:    2. 'NVIDIA GeForce GTX 1080' (P:0 D:0)
[2020.09.30-21.43.10:376][  0]LogWindows:    3. 'NVIDIA GeForce GTX 1080' (P:0 D:0)
[2020.09.30-21.43.10:376][  0]LogWindows: DebugString: FoundDriverCount:4 
[2020.09.30-21.43.10:376][  0]LogD3D11RHI:     Adapter Name: NVIDIA GeForce GTX 1080
[2020.09.30-21.43.10:376][  0]LogD3D11RHI:   Driver Version: 452.06 (internal:27.21.14.5206, unified:452.06)
[2020.09.30-21.43.10:376][  0]LogD3D11RHI:      Driver Date: 8-12-2020
[2020.09.30-21.43.10:376][  0]LogRHI: Texture pool is 5655 MB (70% of 8079 MB)
[2020.09.30-21.43.10:430][  0]LogD3D11RHI: RHI has support for 64 bit atomics
[2020.09.30-21.43.10:430][  0]LogD3D11RHI: Async texture creation enabled
[2020.09.30-21.43.10:448][  0]LogD3D11RHI: GPU Timing Frequency: 1000.000000 (Debug: 2 1)
[2020.09.30-21.43.10:764][  0]LogTargetPlatformManager: Display: Loaded TargetPlatform 'AllDesktop'
[2020.09.30-21.43.10:791][  0]LogTargetPlatformManager: Display: Loaded TargetPlatform 'Android'
[2020.09.30-21.43.10:791][  0]LogTargetPlatformManager: Display: Loaded TargetPlatform 'Android_ASTC'
[2020.09.30-21.43.10:791][  0]LogTargetPlatformManager: Display: Loaded TargetPlatform 'Android_ATC'
[2020.09.30-21.43.10:791][  0]LogTargetPlatformManager: Display: Loaded TargetPlatform 'Android_DXT'
[2020.09.30-21.43.10:791][  0]LogTargetPlatformManager: Display: Loaded TargetPlatform 'Android_ETC1'
[2020.09.30-21.43.10:791][  0]LogTargetPlatformManager: Display: Loaded TargetPlatform 'Android_ETC1a'
[2020.09.30-21.43.10:791][  0]LogTargetPlatformManager: Display: Loaded TargetPlatform 'Android_ETC2'
[2020.09.30-21.43.10:791][  0]LogTargetPlatformManager: Display: Loaded TargetPlatform 'Android_PVRTC'
[2020.09.30-21.43.10:791][  0]LogTargetPlatformManager: Display: Loaded TargetPlatform 'AndroidClient'
[2020.09.30-21.43.10:791][  0]LogTargetPlatformManager: Display: Loaded TargetPlatform 'Android_ASTCClient'
[2020.09.30-21.43.10:791][  0]LogTargetPlatformManager: Display: Loaded TargetPlatform 'Android_ATCClient'
[2020.09.30-21.43.10:791][  0]LogTargetPlatformManager: Display: Loaded TargetPlatform 'Android_DXTClient'
[2020.09.30-21.43.10:791][  0]LogTargetPlatformManager: Display: Loaded TargetPlatform 'Android_ETC1Client'
[2020.09.30-21.43.10:791][  0]LogTargetPlatformManager: Display: Loaded TargetPlatform 'Android_ETC1aClient'
[2020.09.30-21.43.10:791][  0]LogTargetPlatformManager: Display: Loaded TargetPlatform 'Android_ETC2Client'
[2020.09.30-21.43.10:791][  0]LogTargetPlatformManager: Display: Loaded TargetPlatform 'Android_PVRTCClient'
[2020.09.30-21.43.10:791][  0]LogTargetPlatformManager: Display: Loaded TargetPlatform 'Android_Multi'
[2020.09.30-21.43.10:791][  0]LogTargetPlatformManager: Display: Loaded TargetPlatform 'Android_MultiClient'
[2020.09.30-21.43.10:808][  0]LogTargetPlatformManager: Display: Loaded TargetPlatform 'IOSClient'
[2020.09.30-21.43.10:808][  0]LogTargetPlatformManager: Display: Loaded TargetPlatform 'IOS'
[2020.09.30-21.43.10:815][  0]LogTargetPlatformManager: Display: Loaded TargetPlatform 'LinuxNoEditor'
[2020.09.30-21.43.10:821][  0]LogTargetPlatformManager: Display: Loaded TargetPlatform 'LinuxClient'
[2020.09.30-21.43.10:827][  0]LogTargetPlatformManager: Display: Loaded TargetPlatform 'LinuxServer'
[2020.09.30-21.43.10:833][  0]LogTargetPlatformManager: Display: Loaded TargetPlatform 'LinuxAArch64NoEditor'
[2020.09.30-21.43.10:839][  0]LogTargetPlatformManager: Display: Loaded TargetPlatform 'LinuxAArch64Client'
[2020.09.30-21.43.10:845][  0]LogTargetPlatformManager: Display: Loaded TargetPlatform 'LinuxAArch64Server'
[2020.09.30-21.43.10:864][  0]LogTargetPlatformManager: Display: Loaded TargetPlatform 'Lumin'
[2020.09.30-21.43.10:865][  0]LogTargetPlatformManager: Display: Loaded TargetPlatform 'LuminClient'
[2020.09.30-21.43.10:875][  0]LogTargetPlatformManager: Display: Loaded TargetPlatform 'TVOSClient'
[2020.09.30-21.43.10:875][  0]LogTargetPlatformManager: Display: Loaded TargetPlatform 'TVOS'
[2020.09.30-21.43.10:882][  0]LogTargetPlatformManager: Display: Loaded TargetPlatform 'WindowsNoEditor'
[2020.09.30-21.43.10:888][  0]LogTargetPlatformManager: Display: Loaded TargetPlatform 'Windows'
[2020.09.30-21.43.10:894][  0]LogTargetPlatformManager: Display: Loaded TargetPlatform 'WindowsClient'
[2020.09.30-21.43.10:900][  0]LogTargetPlatformManager: Display: Loaded TargetPlatform 'WindowsServer'
[2020.09.30-21.43.10:900][  0]LogTargetPlatformManager: Display: Building Assets For Windows
[2020.09.30-21.43.10:905][  0]LogAudioDebug: Display: Lib vorbis DLL was dynamically loaded.
[2020.09.30-21.43.10:933][  0]LogShaderCompilers: Guid format shader working directory is 2 characters bigger than the processId version (C:/Users/user/Documents/GitHub/ArenaFighter/Intermediate/Shaders/WorkingDirectory/5468/).
[2020.09.30-21.43.10:933][  0]LogShaderCompilers: Cleaned the shader compiler working directory 'C:/Users/user/AppData/Local/Temp/UnrealShaderWorkingDir/06DD1FA24111B1ACF53202AA454E4AF6/'.
[2020.09.30-21.43.10:933][  0]LogXGEController: Cannot use XGE Controller as Incredibuild is not installed on this machine.
[2020.09.30-21.43.10:933][  0]LogShaderCompilers: Cannot use XGE Shader Compiler as Incredibuild is not installed on this machine.
[2020.09.30-21.43.10:933][  0]LogShaderCompilers: Display: Using Local Shader Compiler.
[2020.09.30-21.43.11:510][  0]LogDerivedDataCache: Display: Max Cache Size: 512 MB
[2020.09.30-21.43.11:554][  0]LogDerivedDataCache: Loaded boot cache 0.04s 78MB C:/Users/user/AppData/Local/UnrealEngine/4.24/DerivedDataCache/Boot.ddc.
[2020.09.30-21.43.11:554][  0]LogDerivedDataCache: Display: Loaded Boot cache: C:/Users/user/AppData/Local/UnrealEngine/4.24/DerivedDataCache/Boot.ddc
[2020.09.30-21.43.11:554][  0]LogDerivedDataCache: FDerivedDataBackendGraph:  Pak pak cache file C:/Users/user/Documents/GitHub/ArenaFighter/DerivedDataCache/DDC.ddp not found, will not use a pak cache.
[2020.09.30-21.43.11:554][  0]LogDerivedDataCache: Unable to find inner node Pak for hierarchical cache Hierarchy.
[2020.09.30-21.43.11:554][  0]LogDerivedDataCache: FDerivedDataBackendGraph:  CompressedPak pak cache file C:/Users/user/Documents/GitHub/ArenaFighter/DerivedDataCache/Compressed.ddp not found, will not use a pak cache.
[2020.09.30-21.43.11:554][  0]LogDerivedDataCache: Unable to find inner node CompressedPak for hierarchical cache Hierarchy.
[2020.09.30-21.43.11:563][  0]LogDerivedDataCache: Display: Pak cache opened for reading ../../../Engine/DerivedDataCache/Compressed.ddp.
[2020.09.30-21.43.11:563][  0]LogDerivedDataCache: FDerivedDataBackendGraph:  EnterprisePak pak cache file ../../../Enterprise/DerivedDataCache/Compressed.ddp not found, will not use a pak cache.
[2020.09.30-21.43.11:563][  0]LogDerivedDataCache: Unable to find inner node EnterprisePak for hierarchical cache Hierarchy.
[2020.09.30-21.43.11:564][  0]LogDerivedDataCache: Using Local data cache path C:/Users/user/AppData/Local/UnrealEngine/Common/DerivedDataCache: Writable
[2020.09.30-21.43.11:564][  0]LogDerivedDataCache: Shared data cache path not found in *engine.ini, will not use an Shared cache.
[2020.09.30-21.43.11:564][  0]LogDerivedDataCache: Unable to find inner node Shared for hierarchical cache Hierarchy.
[2020.09.30-21.43.11:585][  0]LogMaterial: Verifying Global Shaders for PCD3D_SM5
[2020.09.30-21.43.11:587][  0]LogSlate: Using FreeType 2.10.0
[2020.09.30-21.43.11:587][  0]LogSlate: SlateFontServices - WITH_FREETYPE: 1, WITH_HARFBUZZ: 1
[2020.09.30-21.43.11:629][  0]LogAssetRegistry: FAssetRegistry took 0.0022 seconds to start up
[2020.09.30-21.43.11:867][  0]LogInit: Selected Device Profile: [Windows]
[2020.09.30-21.43.11:989][  0]LogMeshReduction: Using QuadricMeshReduction for automatic static mesh reduction
[2020.09.30-21.43.11:989][  0]LogMeshReduction: Using SimplygonMeshReduction for automatic skeletal mesh reduction
[2020.09.30-21.43.11:989][  0]LogMeshReduction: Using ProxyLODMeshReduction for automatic mesh merging
[2020.09.30-21.43.11:989][  0]LogMeshReduction: No distributed automatic mesh merging module available
[2020.09.30-21.43.11:989][  0]LogMeshMerging: No distributed automatic mesh merging module available
[2020.09.30-21.43.12:011][  0]LogNetVersion: ArenaFighter 1.0.0, NetCL: 10570792, EngineNetVer: 13, GameNetVer: 0 (Checksum: 4135982581)
[2020.09.30-21.43.12:798][  0]LogPackageLocalizationCache: Processed 9 localized package path(s) for 1 prioritized culture(s) in 0.028687 seconds
[2020.09.30-21.43.12:805][  0]LogUObjectArray: 46288 objects as part of root set at end of initial load.
[2020.09.30-21.43.12:805][  0]LogUObjectAllocator: 8062376 out of 0 bytes used by permanent object pool.
[2020.09.30-21.43.12:805][  0]LogUObjectArray: CloseDisregardForGC: 0/0 objects in disregard for GC pool
[2020.09.30-21.43.13:166][  0]LogTcpMessaging: Initializing TcpMessaging bridge
[2020.09.30-21.43.13:169][  0]LogUdpMessaging: Initializing bridge on interface 0.0.0.0:0 to multicast group 230.0.0.1:6666.
[2020.09.30-21.43.13:217][  0]SourceControl: Source control is disabled
[2020.09.30-21.43.13:217][  0]SourceControl: Source control is disabled
[2020.09.30-21.43.13:219][  0]SourceControl: Source control is disabled
[2020.09.30-21.43.13:220][  0]SourceControl: Source control is disabled
[2020.09.30-21.43.13:221][  0]SourceControl: Source control is disabled
[2020.09.30-21.43.13:303][  0]LogAndroidPermission: UAndroidPermissionCallbackProxy::GetInstance
[2020.09.30-21.43.13:316][  0]LogAudioCaptureCore: Display: No Audio Capture implementations found. Audio input will be silent.
[2020.09.30-21.43.13:316][  0]LogAudioCaptureCore: Display: No Audio Capture implementations found. Audio input will be silent.
[2020.09.30-21.43.13:388][  0]LogOcInput: OculusInput pre-init called
[2020.09.30-21.43.13:395][  0]LogWindows: Failed to load 'OVRPlugin.dll' (GetLastError=126)
[2020.09.30-21.43.13:395][  0]LogWindows: File 'OVRPlugin.dll' does not exist
[2020.09.30-21.43.13:455][  0]LogEngine: Initializing Engine...
[2020.09.30-21.43.13:456][  0]LogStats: UGameplayTagsManager::InitializeManager -  0.000 s
[2020.09.30-21.43.13:721][  0]LogInit: Initializing FReadOnlyCVARCache
[2020.09.30-21.43.13:727][  0]LogAIModule: Creating AISystem for world Untitled
[2020.09.30-21.43.13:744][  0]LogAudioMixer: Display: Audio Mixer Platform Settings:
[2020.09.30-21.43.13:744][  0]LogAudioMixer: Display: 	Sample Rate:						  48000
[2020.09.30-21.43.13:744][  0]LogAudioMixer: Display: 	Callback Buffer Frame Size Requested: 1024
[2020.09.30-21.43.13:744][  0]LogAudioMixer: Display: 	Callback Buffer Frame Size To Use:	  1024
[2020.09.30-21.43.13:744][  0]LogAudioMixer: Display: 	Number of buffers to queue:			  2
[2020.09.30-21.43.13:744][  0]LogAudioMixer: Display: 	Max Channels (voices):				  32
[2020.09.30-21.43.13:744][  0]LogAudioMixer: Display: 	Number of Async Source Workers:		  0
[2020.09.30-21.43.13:744][  0]LogAudio: Display: AudioDevice MaxSources: 32
[2020.09.30-21.43.13:745][  0]LogAudio: Display: Using built-in audio occlusion.
[2020.09.30-21.43.13:745][  0]LogAudioMixer: Display: Initializing audio mixer.
[2020.09.30-21.43.13:769][  0]LogAudioMixer: Display: Audio Device Output Speaker Info:
[2020.09.30-21.43.13:769][  0]LogAudioMixer: Display: Name: Left (NVIDIA High Definition Audio)
[2020.09.30-21.43.13:769][  0]LogAudioMixer: Display: Is Default: Yes
[2020.09.30-21.43.13:769][  0]LogAudioMixer: Display: Sample Rate: 48000
[2020.09.30-21.43.13:769][  0]LogAudioMixer: Display: Channel Count Used: 2
[2020.09.30-21.43.13:769][  0]LogAudioMixer: Display: Device Channel Count: 2
[2020.09.30-21.43.13:769][  0]LogAudioMixer: Display: Channel Order:
[2020.09.30-21.43.13:769][  0]LogAudioMixer: Display: 0: FrontLeft
[2020.09.30-21.43.13:769][  0]LogAudioMixer: Display: 1: FrontRight
[2020.09.30-21.43.13:805][  0]LogAudioMixer: Display: Using Audio Device Left (NVIDIA High Definition Audio)
[2020.09.30-21.43.13:808][  0]LogInit: FAudioDevice initialized.
[2020.09.30-21.43.13:808][  0]LogNetVersion: Set ProjectVersion to 1.0.0.0. Version Checksum will be recalculated on next use.
[2020.09.30-21.43.13:955][  0]LogDerivedDataCache: Saved boot cache 0.15s 78MB C:/Users/user/AppData/Local/UnrealEngine/4.24/DerivedDataCache/Boot.ddc.
[2020.09.30-21.43.13:957][  0]LogInit: Texture streaming: Enabled
[2020.09.30-21.43.13:967][  0]LogEngineSessionManager: EngineSessionManager initialized
[2020.09.30-21.43.13:967][  0]LogEditorSessionSummary: Verbose: Initializing EditorSessionSummaryWriter for editor session tracking
[2020.09.30-21.43.13:971][  0]LogEditorSessionSummary: EditorSessionSummaryWriter initialized
[2020.09.30-21.43.13:998][  0]LogInit: Transaction tracking system initialized
[2020.09.30-21.43.14:008][  0]BlueprintLog: New page: Editor Load
[2020.09.30-21.43.14:039][  0]LocalizationService: Localization service is disabled
[2020.09.30-21.43.14:251][  0]LogCook: Display: Max memory allowance for cook 16384mb min free memory 0mb
[2020.09.30-21.43.14:251][  0]LogCook: Display: Mobile HDR setting 1
[2020.09.30-21.43.14:344][  0]LogFileCache: Scanning file cache for directory 'C:/Users/user/Documents/GitHub/ArenaFighter/Content/' took 0.01s
[2020.09.30-21.43.14:344][  0]SourceControl: Source control is disabled
[2020.09.30-21.43.14:344][  0]Cmd: MAP LOAD FILE="C:/Users/user/Documents/GitHub/ArenaFighter/Content/StarterContent/Maps/Minimal_Default.umap" TEMPLATE=0 SHOWPROGRESS=1 FEATURELEVEL=3
[2020.09.30-21.43.14:345][  0]LightingResults: New page: Lighting Build
[2020.09.30-21.43.14:345][  0]LogWorld: UWorld::CleanupWorld for Untitled, bSessionEnded=true, bCleanupResources=true
[2020.09.30-21.43.14:345][  0]LogSlate: InvalidateAllWidgets triggered.  All widgets were invalidated
[2020.09.30-21.43.14:345][  0]MapCheck: New page: Map Check
[2020.09.30-21.43.14:345][  0]LightingResults: New page: Lighting Build
[2020.09.30-21.43.14:368][  0]LogUObjectHash: Compacting FUObjectHashTables data took   1.38ms
[2020.09.30-21.43.14:725][  0]LogAIModule: Creating AISystem for world Minimal_Default
[2020.09.30-21.43.14:745][  0]LogEditorServer: Finished looking for orphan Actors (0.000 secs)
[2020.09.30-21.43.14:768][  0]LogUObjectHash: Compacting FUObjectHashTables data took   2.08ms
[2020.09.30-21.43.14:768][  0]Cmd: MAP CHECKDEP NOCLEARLOG
[2020.09.30-21.43.14:768][  0]MapCheck: Map check complete: 0 Error(s), 0 Warning(s), took 0.138ms to complete.
[2020.09.30-21.43.14:768][  0]LogFileHelpers: Loading map 'Minimal_Default' took 0.424
[2020.09.30-21.43.14:896][  0]LogSlate: Updating window title bar state: overlay mode, drag disabled, window buttons hidden, title bar hidden
[2020.09.30-21.43.14:902][  0]LogSlate: Updating window title bar state: overlay mode, drag disabled, window buttons hidden, title bar hidden
[2020.09.30-21.43.14:908][  0]LogSlate: Updating window title bar state: overlay mode, drag disabled, window buttons hidden, title bar hidden
[2020.09.30-21.43.14:913][  0]LogSlate: Updating window title bar state: overlay mode, drag disabled, window buttons hidden, title bar hidden
[2020.09.30-21.43.14:917][  0]LogCollectionManager: Loaded 0 collections in 0.000618 seconds
[2020.09.30-21.43.14:928][  0]LogFileCache: Scanning file cache for directory 'C:/Users/user/Documents/GitHub/ArenaFighter/Saved/Collections/' took 0.00s
[2020.09.30-21.43.14:928][  0]LogFileCache: Scanning file cache for directory 'C:/Users/user/Documents/GitHub/ArenaFighter/Content/Developers/user/Collections/' took 0.00s
[2020.09.30-21.43.14:928][  0]LogFileCache: Scanning file cache for directory 'C:/Users/user/Documents/GitHub/ArenaFighter/Content/Collections/' took 0.00s
[2020.09.30-21.43.14:928][  0]LogContentBrowser: Native class hierarchy populated in 0.0076 seconds. Added 3009 classes and 710 folders.
[2020.09.30-21.43.14:931][  0]LogContentBrowser: Native class hierarchy updated for 'WidgetCarousel' in 0.0011 seconds. Added 0 classes and 0 folders.
[2020.09.30-21.43.14:960][  0]LogContentBrowser: Native class hierarchy updated for 'AddContentDialog' in 0.0009 seconds. Added 0 classes and 0 folders.
[2020.09.30-21.43.14:964][  0]LogContentBrowser: Native class hierarchy updated for 'SceneOutliner' in 0.0011 seconds. Added 2 classes and 3 folders.
[2020.09.30-21.43.15:046][  0]LogSlate: Took 0.000176 seconds to synchronously load lazily loaded font '../../../Engine/Content/Slate/Fonts/Roboto-Regular.ttf' (155K)
[2020.09.30-21.43.15:048][  0]LogSlate: Took 0.000113 seconds to synchronously load lazily loaded font '../../../Engine/Content/Slate/Fonts/Roboto-Bold.ttf' (160K)
[2020.09.30-21.43.15:051][  0]LogSlate: Took 0.000075 seconds to synchronously load lazily loaded font '../../../Engine/Content/Editor/Slate/Fonts/FontAwesome.ttf' (139K)
[2020.09.30-21.43.15:122][  0]LogRenderer: Reallocating scene render targets to support 2444x1280 Format 10 NumSamples 1 (Frame:1).
[2020.09.30-21.43.15:235][  0]LogContentBrowser: Native class hierarchy updated for 'HierarchicalLODOutliner' in 0.0010 seconds. Added 0 classes and 0 folders.
[2020.09.30-21.43.15:235][  0]LogLoad: (Engine Initialization) Total time: 6.62 seconds
[2020.09.30-21.43.15:235][  0]LogLoad: (Engine Initialization) Total Blueprint compile time: 0.00 seconds
[2020.09.30-21.43.15:285][  0]LogAssetRegistry: Asset discovery search completed in 3.6558 seconds
[2020.09.30-21.43.15:288][  0]LogCollectionManager: Fixed up redirectors for 0 collections in 0.000006 seconds (updated 0 objects)
[2020.09.30-21.43.15:289][  0]LogContentStreaming: Texture pool size now 1000 MB
[2020.09.30-21.43.23:298][948]LogSlate: Window 'Plugins' being destroyed
[2020.09.30-21.43.23:302][948]LogSlate: Window 'Plugins' being destroyed
[2020.09.30-21.43.23:302][948]LogDirectoryWatcher: A directory notification for '../../../Engine/Plugins/' was aborted.
[2020.09.30-21.43.26:064][253]LogUObjectHash: Compacting FUObjectHashTables data took   0.57ms
[2020.09.30-21.43.36:775][500]LogSlate: Took 0.000130 seconds to synchronously load lazily loaded font '../../../Engine/Content/Slate/Fonts/Roboto-Light.ttf' (167K)
[2020.09.30-21.43.36:792][500]LogAssetEditorSubsystem: Opening Asset editor for Blueprint /Game/ThirdPersonBP/Blueprints/ThirdPersonCharacter.ThirdPersonCharacter
[2020.09.30-21.43.37:255][500]LogContentBrowser: Native class hierarchy updated for 'BlueprintGraph' in 0.0015 seconds. Added 121 classes and 0 folders.
[2020.09.30-21.43.38:641][500]LogSlate: Took 0.018707 seconds to synchronously load lazily loaded font '../../../Engine/Content/Slate/Fonts/Roboto-BoldCondensed.ttf' (158K)
[2020.09.30-21.43.39:211][501]LogSlate: Took 0.013545 seconds to synchronously load lazily loaded font '../../../Engine/Content/Slate/Fonts/Roboto-Italic.ttf' (157K)
[2020.09.30-21.44.21:833][  3]LogUObjectHash: Compacting FUObjectHashTables data took   2.87ms
[2020.09.30-21.44.26:934][  3]LogSlate: Window 'Save Content' being destroyed
[2020.09.30-21.44.26:969][  3]LogSlate: Window 'ArenaFighter - Unreal Editor' being destroyed
[2020.09.30-21.44.27:109][  3]LogWorld: UWorld::CleanupWorld for World_1, bSessionEnded=true, bCleanupResources=true
[2020.09.30-21.44.27:109][  3]LogSlate: InvalidateAllWidgets triggered.  All widgets were invalidated
[2020.09.30-21.44.27:174][  4]Cmd: QUIT_EDITOR
[2020.09.30-21.44.27:174][  4]LogCore: Engine exit requested (reason: UUnrealEdEngine::CloseEditor())
[2020.09.30-21.44.27:180][  4]LogCore: Engine exit requested (reason: EngineExit() was called; note: exit was already requested)
[2020.09.30-21.44.27:181][  4]LogAudioMixer: Display: No commands were queued while flushing the source manager.
[2020.09.30-21.44.27:192][  4]LogWindowsTextInputMethodSystem: Display: IME system now deactivated.
[2020.09.30-21.44.27:200][  4]LogExit: Preparing to exit.
[2020.09.30-21.44.27:318][  4]LogWorld: UWorld::CleanupWorld for World_0, bSessionEnded=true, bCleanupResources=true
[2020.09.30-21.44.27:353][  4]LogWorld: UWorld::CleanupWorld for None, bSessionEnded=true, bCleanupResources=true
[2020.09.30-21.44.27:354][  4]LogExit: Editor shut down
[2020.09.30-21.44.27:354][  4]LogExit: Transaction tracking system shut down
[2020.09.30-21.44.27:356][  4]LogDemo: Cleaned up 0 splitscreen connections with owner deletion
[2020.09.30-21.44.27:571][  4]LogExit: Object subsystem successfully closed.
[2020.09.30-21.44.27:590][  4]LogShaderCompilers: Display: Shaders left to compile 0
[2020.09.30-21.44.27:598][  4]LogModuleManager: Shutting down and abandoning module BlueprintGraph (690)
[2020.09.30-21.44.27:598][  4]LogModuleManager: Shutting down and abandoning module HierarchicalLODOutliner (688)
[2020.09.30-21.44.27:598][  4]LogModuleManager: Shutting down and abandoning module SceneOutliner (686)
[2020.09.30-21.44.27:598][  4]LogModuleManager: Shutting down and abandoning module AddContentDialog (684)
[2020.09.30-21.44.27:599][  4]LogModuleManager: Shutting down and abandoning module WidgetCarousel (683)
[2020.09.30-21.44.27:599][  4]LogModuleManager: Shutting down and abandoning module EditorWidgets (680)
[2020.09.30-21.44.27:599][  4]LogModuleManager: Shutting down and abandoning module CollectionManager (678)
[2020.09.30-21.44.27:599][  4]LogModuleManager: Shutting down and abandoning module StatsViewer (676)
[2020.09.30-21.44.27:599][  4]LogModuleManager: Shutting down and abandoning module VirtualTexturingEditor (674)
[2020.09.30-21.44.27:599][  4]LogModuleManager: Shutting down and abandoning module FoliageEdit (672)
[2020.09.30-21.44.27:599][  4]LogModuleManager: Shutting down and abandoning module LandscapeEditor (670)
[2020.09.30-21.44.27:599][  4]LogModuleManager: Shutting down and abandoning module MeshPaintMode (668)
[2020.09.30-21.44.27:599][  4]LogModuleManager: Shutting down and abandoning module SceneDepthPickerMode (666)
[2020.09.30-21.44.27:599][  4]LogModuleManager: Shutting down and abandoning module ActorPickerMode (664)
[2020.09.30-21.44.27:599][  4]LogModuleManager: Shutting down and abandoning module GeometryMode (662)
[2020.09.30-21.44.27:599][  4]LogModuleManager: Shutting down and abandoning module TextureAlignMode (660)
[2020.09.30-21.44.27:599][  4]LogModuleManager: Shutting down and abandoning module BspMode (658)
[2020.09.30-21.44.27:599][  4]LogModuleManager: Shutting down and abandoning module PIEPreviewDeviceProfileSelector (656)
[2020.09.30-21.44.27:599][  4]LogModuleManager: Shutting down and abandoning module SequenceRecorderSections (654)
[2020.09.30-21.44.27:599][  4]LogModuleManager: Shutting down and abandoning module AutomationWorker (652)
[2020.09.30-21.44.27:599][  4]LogModuleManager: Shutting down and abandoning module OculusMR (650)
[2020.09.30-21.44.27:599][  4]LogModuleManager: Shutting down and abandoning module AudioCaptureEditor (648)
[2020.09.30-21.44.27:599][  4]LogModuleManager: Shutting down and abandoning module MatineeToLevelSequence (646)
[2020.09.30-21.44.27:599][  4]LogModuleManager: Shutting down and abandoning module LevelSequenceEditor (644)
[2020.09.30-21.44.27:599][  4]LogModuleManager: Shutting down and abandoning module PlacementMode (643)
[2020.09.30-21.44.27:599][  4]LogModuleManager: Shutting down and abandoning module MaterialEditor (642)
[2020.09.30-21.44.27:599][  4]LogModuleManager: Shutting down and abandoning module ActorSequenceEditor (638)
[2020.09.30-21.44.27:599][  4]LogModuleManager: Shutting down and abandoning module WmfMediaFactory (636)
[2020.09.30-21.44.27:599][  4]LogModuleManager: Shutting down and abandoning module WmfMediaEditor (634)
[2020.09.30-21.44.27:599][  4]LogModuleManager: Shutting down and abandoning module WebMMediaFactory (632)
[2020.09.30-21.44.27:599][  4]LogModuleManager: Shutting down and abandoning module WebMMediaEditor (630)
[2020.09.30-21.44.27:599][  4]LogModuleManager: Shutting down and abandoning module WebMMedia (628)
[2020.09.30-21.44.27:599][  4]LogModuleManager: Shutting down and abandoning module MediaPlayerEditor (626)
[2020.09.30-21.44.27:599][  4]LogModuleManager: Shutting down and abandoning module MediaCompositingEditor (624)
[2020.09.30-21.44.27:599][  4]LogModuleManager: Shutting down and abandoning module SequenceRecorder (623)
[2020.09.30-21.44.27:599][  4]LogModuleManager: Shutting down and abandoning module OpenExrWrapper (620)
[2020.09.30-21.44.27:600][  4]LogModuleManager: Shutting down and abandoning module ImgMediaFactory (618)
[2020.09.30-21.44.27:600][  4]LogModuleManager: Shutting down and abandoning module ImgMediaEditor (616)
[2020.09.30-21.44.27:600][  4]LogModuleManager: Shutting down and abandoning module AvfMediaFactory (614)
[2020.09.30-21.44.27:600][  4]LogModuleManager: Shutting down and abandoning module AvfMediaEditor (612)
[2020.09.30-21.44.27:600][  4]LogModuleManager: Shutting down and abandoning module AndroidMediaFactory (610)
[2020.09.30-21.44.27:600][  4]LogModuleManager: Shutting down and abandoning module AndroidMediaEditor (608)
[2020.09.30-21.44.27:600][  4]LogModuleManager: Shutting down and abandoning module MagicLeapMediaCodecFactory (606)
[2020.09.30-21.44.27:600][  4]LogModuleManager: Shutting down and abandoning module MagicLeapMediaFactory (604)
[2020.09.30-21.44.27:600][  4]LogModuleManager: Shutting down and abandoning module MagicLeapMediaEditor (602)
[2020.09.30-21.44.27:600][  4]LogModuleManager: Shutting down and abandoning module CharacterAI (600)
[2020.09.30-21.44.27:600][  4]LogModuleManager: Shutting down and abandoning module SmartSnapping (598)
[2020.09.30-21.44.27:600][  4]LogModuleManager: Shutting down and abandoning module SessionServices (596)
[2020.09.30-21.44.27:600][  4]LogModuleManager: Shutting down and abandoning module MeshPaint (594)
[2020.09.30-21.44.27:600][  4]LogModuleManager: Shutting down and abandoning module ViewportSnapping (592)
[2020.09.30-21.44.27:600][  4]LogModuleManager: Shutting down and abandoning module ViewportInteraction (590)
[2020.09.30-21.44.27:600][  4]LogModuleManager: Shutting down and abandoning module ClothPainter (588)
[2020.09.30-21.44.27:600][  4]LogModuleManager: Shutting down and abandoning module SkeletalMeshEditor (587)
[2020.09.30-21.44.27:600][  4]LogModuleManager: Shutting down and abandoning module LogVisualizer (584)
[2020.09.30-21.44.27:600][  4]LogModuleManager: Shutting down and abandoning module IntroTutorials (582)
[2020.09.30-21.44.27:600][  4]LogModuleManager: Shutting down and abandoning module GameProjectGeneration (581)
[2020.09.30-21.44.27:600][  4]LogModuleManager: Shutting down and abandoning module LuminPlatformEditor (578)
[2020.09.30-21.44.27:600][  4]LogModuleManager: Shutting down and abandoning module IOSPlatformEditor (576)
[2020.09.30-21.44.27:600][  4]LogModuleManager: Shutting down and abandoning module AndroidPlatformEditor (574)
[2020.09.30-21.44.27:600][  4]LogModuleManager: Shutting down and abandoning module AndroidDeviceDetection (573)
[2020.09.30-21.44.28:113][  4]LogModuleManager: Shutting down and abandoning module WindowsPlatformEditor (570)
[2020.09.30-21.44.28:113][  4]LogModuleManager: Shutting down and abandoning module LuminRuntimeSettings (568)
[2020.09.30-21.44.28:113][  4]LogModuleManager: Shutting down and abandoning module IOSRuntimeSettings (566)
[2020.09.30-21.44.28:113][  4]LogModuleManager: Shutting down and abandoning module AndroidRuntimeSettings (564)
[2020.09.30-21.44.28:113][  4]LogModuleManager: Shutting down and abandoning module EditorInteractiveToolsFramework (562)
[2020.09.30-21.44.28:114][  4]LogModuleManager: Shutting down and abandoning module TimeManagementEditor (560)
[2020.09.30-21.44.28:114][  4]LogModuleManager: Shutting down and abandoning module InputBindingEditor (558)
[2020.09.30-21.44.28:114][  4]LogModuleManager: Shutting down and abandoning module MergeActors (556)
[2020.09.30-21.44.28:114][  4]LogModuleManager: Shutting down and abandoning module LocalizationDashboard (554)
[2020.09.30-21.44.28:114][  4]LogModuleManager: Shutting down and abandoning module LocalizationService (553)
[2020.09.30-21.44.28:114][  4]LogModuleManager: Shutting down and abandoning module HardwareTargeting (550)
[2020.09.30-21.44.28:114][  4]LogModuleManager: Shutting down and abandoning module DeviceProfileEditor (548)
[2020.09.30-21.44.28:114][  4]LogModuleManager: Shutting down and abandoning module UndoHistory (546)
[2020.09.30-21.44.28:114][  4]LogModuleManager: Shutting down and abandoning module XmlParser (544)
[2020.09.30-21.44.28:114][  4]LogModuleManager: Shutting down and abandoning module Blutility (542)
[2020.09.30-21.44.28:114][  4]LogModuleManager: Shutting down and abandoning module ProjectSettingsViewer (540)
[2020.09.30-21.44.28:114][  4]LogModuleManager: Shutting down and abandoning module ProjectTargetPlatformEditor (539)
[2020.09.30-21.44.28:114][  4]LogModuleManager: Shutting down and abandoning module EditorSettingsViewer (536)
[2020.09.30-21.44.28:114][  4]LogModuleManager: Shutting down and abandoning module SettingsEditor (534)
[2020.09.30-21.44.28:114][  4]LogModuleManager: Shutting down and abandoning module ProjectLauncher (532)
[2020.09.30-21.44.28:114][  4]LogModuleManager: Shutting down and abandoning module SessionFrontend (530)
[2020.09.30-21.44.28:114][  4]LogModuleManager: Shutting down and abandoning module ProfilerClient (528)
[2020.09.30-21.44.28:114][  4]LogModuleManager: Shutting down and abandoning module DeviceManager (526)
[2020.09.30-21.44.28:114][  4]LogModuleManager: Shutting down and abandoning module TargetDeviceServices (525)
[2020.09.30-21.44.28:147][  4]LogModuleManager: Shutting down and abandoning module AutomationController (522)
[2020.09.30-21.44.28:147][  4]LogModuleManager: Shutting down and abandoning module AutomationWindow (520)
[2020.09.30-21.44.28:147][  4]LogModuleManager: Shutting down and abandoning module Layers (518)
[2020.09.30-21.44.28:147][  4]LogModuleManager: Shutting down and abandoning module ComponentVisualizers (516)
[2020.09.30-21.44.28:147][  4]LogModuleManager: Shutting down and abandoning module DetailCustomizations (514)
[2020.09.30-21.44.28:147][  4]LogModuleManager: Shutting down and abandoning module PackagesDialog (512)
[2020.09.30-21.44.28:147][  4]LogModuleManager: Shutting down and abandoning module AnimationBlueprintEditor (510)
[2020.09.30-21.44.28:147][  4]LogModuleManager: Shutting down and abandoning module Persona (508)
[2020.09.30-21.44.28:147][  4]LogModuleManager: Shutting down and abandoning module AdvancedPreviewScene (507)
[2020.09.30-21.44.28:147][  4]LogModuleManager: Shutting down and abandoning module AnimGraph (505)
[2020.09.30-21.44.28:147][  4]LogModuleManager: Shutting down and abandoning module Kismet (502)
[2020.09.30-21.44.28:151][  4]LogModuleManager: Shutting down and abandoning module KismetWidgets (501)
[2020.09.30-21.44.28:151][  4]LogModuleManager: Shutting down and abandoning module GraphEditor (498)
[2020.09.30-21.44.28:151][  4]LogModuleManager: Shutting down and abandoning module StructViewer (496)
[2020.09.30-21.44.28:151][  4]LogModuleManager: Shutting down and abandoning module ClassViewer (494)
[2020.09.30-21.44.28:151][  4]LogModuleManager: Shutting down and abandoning module Toolbox (492)
[2020.09.30-21.44.28:151][  4]LogModuleManager: Shutting down and abandoning module ModuleUI (490)
[2020.09.30-21.44.28:151][  4]LogModuleManager: Shutting down and abandoning module OutputLog (488)
[2020.09.30-21.44.28:151][  4]LogModuleManager: Shutting down and abandoning module GammaUI (486)
[2020.09.30-21.44.28:151][  4]LogModuleManager: Shutting down and abandoning module Documentation (484)
[2020.09.30-21.44.28:151][  4]LogModuleManager: Shutting down and abandoning module ToolMenus (482)
[2020.09.30-21.44.28:151][  4]LogModuleManager: Shutting down and abandoning module LiveCoding (480)
[2020.09.30-21.44.28:151][  4]LogModuleManager: Shutting down and abandoning module LevelSequence (478)
[2020.09.30-21.44.28:151][  4]LogModuleManager: Shutting down and abandoning module MovieSceneTracks (476)
[2020.09.30-21.44.28:151][  4]LogModuleManager: Shutting down and abandoning module MovieScene (474)
[2020.09.30-21.44.28:151][  4]LogModuleManager: Shutting down and abandoning module StreamingPauseRendering (472)
[2020.09.30-21.44.28:151][  4]LogModuleManager: Shutting down and abandoning module LauncherPlatform (470)
[2020.09.30-21.44.28:151][  4]LogModuleManager: Shutting down and abandoning module AnalyticsET (468)
[2020.09.30-21.44.28:151][  4]LogModuleManager: Shutting down and abandoning module PortalServices (466)
[2020.09.30-21.44.28:151][  4]LogModuleManager: Shutting down and abandoning module PortalRpc (464)
[2020.09.30-21.44.28:151][  4]LogModuleManager: Shutting down and abandoning module MessagingRpc (462)
[2020.09.30-21.44.28:151][  4]LogModuleManager: Shutting down and abandoning module AudioMixerXAudio2 (460)
[2020.09.30-21.44.28:151][  4]LogModuleManager: Shutting down and abandoning module AIModule (458)
[2020.09.30-21.44.28:152][  4]LogModuleManager: Shutting down and abandoning module GameplayDebugger (457)
[2020.09.30-21.44.28:152][  4]LogModuleManager: Shutting down and abandoning module AITestSuite (455)
[2020.09.30-21.44.28:152][  4]LogModuleManager: Shutting down and abandoning module NavigationSystem (453)
[2020.09.30-21.44.28:152][  4]LogModuleManager: Shutting down and abandoning module ImageWriteQueue (450)
[2020.09.30-21.44.28:155][  4]LogModuleManager: Shutting down and abandoning module ProfilerService (448)
[2020.09.30-21.44.28:310][  4]LogModuleManager: Shutting down and abandoning module TaskGraph (446)
[2020.09.30-21.44.28:310][  4]LogModuleManager: Shutting down and abandoning module ScreenshotTools (444)
[2020.09.30-21.44.28:310][  4]LogModuleManager: Shutting down and abandoning module ProceduralMeshComponentEditor (442)
[2020.09.30-21.44.28:310][  4]LogModuleManager: Shutting down and abandoning module ProceduralMeshComponent (440)
[2020.09.30-21.44.28:310][  4]LogModuleManager: Shutting down and abandoning module OculusEditor (438)
[2020.09.30-21.44.28:310][  4]LogModuleManager: Shutting down and abandoning module OculusInput (436)
[2020.09.30-21.44.28:310][  4]LogModuleManager: Shutting down and abandoning module MobilePatchingUtils (434)
[2020.09.30-21.44.28:310][  4]LogModuleManager: Shutting down and abandoning module EditableMesh (432)
[2020.09.30-21.44.28:310][  4]LogModuleManager: Shutting down and abandoning module CustomMeshComponent (430)
[2020.09.30-21.44.28:310][  4]LogModuleManager: Shutting down and abandoning module CableComponent (428)
[2020.09.30-21.44.28:310][  4]LogModuleManager: Shutting down and abandoning module AudioCapture (426)
[2020.09.30-21.44.28:310][  4]LogModuleManager: Shutting down and abandoning module AudioCaptureRtAudio (425)
[2020.09.30-21.44.28:310][  4]LogModuleManager: Shutting down and abandoning module AssetTags (422)
[2020.09.30-21.44.28:310][  4]LogModuleManager: Shutting down and abandoning module ArchVisCharacter (420)
[2020.09.30-21.44.28:310][  4]LogModuleManager: Shutting down and abandoning module AppleImageUtilsBlueprintSupport (418)
[2020.09.30-21.44.28:310][  4]LogModuleManager: Shutting down and abandoning module AppleImageUtils (416)
[2020.09.30-21.44.28:310][  4]LogModuleManager: Shutting down and abandoning module AndroidPermission (414)
[2020.09.30-21.44.28:310][  4]LogModuleManager: Shutting down and abandoning module NUTUnrealEngine4 (412)
[2020.09.30-21.44.28:310][  4]LogModuleManager: Shutting down and abandoning module NetcodeUnitTest (410)
[2020.09.30-21.44.28:311][  4]LogModuleManager: Shutting down and abandoning module MediaCompositing (408)
[2020.09.30-21.44.28:311][  4]LogModuleManager: Shutting down and abandoning module ImgMedia (406)
[2020.09.30-21.44.28:311][  4]LogModuleManager: Shutting down and abandoning module MagicLeapHelperVulkan (404)
[2020.09.30-21.44.28:311][  4]LogModuleManager: Shutting down and abandoning module MagicLeapHelperOpenGL (402)
[2020.09.30-21.44.28:311][  4]LogModuleManager: Shutting down and abandoning module MagicLeapAudio (400)
[2020.09.30-21.44.28:311][  4]LogModuleManager: Shutting down and abandoning module GeometryCacheTracks (398)
[2020.09.30-21.44.28:311][  4]LogModuleManager: Shutting down and abandoning module GeometryCacheSequencer (396)
[2020.09.30-21.44.28:311][  4]LogModuleManager: Shutting down and abandoning module BackChannel (394)
[2020.09.30-21.44.28:311][  4]LogModuleManager: Shutting down and abandoning module AutomationUtilsEditor (392)
[2020.09.30-21.44.28:311][  4]LogModuleManager: Shutting down and abandoning module AutomationUtils (390)
[2020.09.30-21.44.28:311][  4]LogModuleManager: Shutting down and abandoning module AlembicImporter (388)
[2020.09.30-21.44.28:311][  4]LogModuleManager: Shutting down and abandoning module AlembicLibrary (387)
[2020.09.30-21.44.28:311][  4]LogModuleManager: Shutting down and abandoning module GeometryCache (386)
[2020.09.30-21.44.28:311][  4]LogModuleManager: Shutting down and abandoning module GeometryCacheEd (385)
[2020.09.30-21.44.28:311][  4]LogModuleManager: Shutting down and abandoning module VariantManagerContentEditor (380)
[2020.09.30-21.44.28:311][  4]LogModuleManager: Shutting down and abandoning module DatasmithContentEditor (378)
[2020.09.30-21.44.28:311][  4]LogModuleManager: Shutting down and abandoning module SpeedTreeImporter (376)
[2020.09.30-21.44.28:311][  4]LogModuleManager: Shutting down and abandoning module PluginBrowser (374)
[2020.09.30-21.44.28:311][  4]LogModuleManager: Shutting down and abandoning module MobileLauncherProfileWizard (372)
[2020.09.30-21.44.28:311][  4]LogModuleManager: Shutting down and abandoning module MaterialAnalyzer (370)
[2020.09.30-21.44.28:311][  4]LogModuleManager: Shutting down and abandoning module CurveEditorTools (368)
[2020.09.30-21.44.28:311][  4]LogModuleManager: Shutting down and abandoning module CryptoKeysOpenSSL (366)
[2020.09.30-21.44.28:311][  4]LogModuleManager: Shutting down and abandoning module CryptoKeys (364)
[2020.09.30-21.44.28:311][  4]LogModuleManager: Shutting down and abandoning module VisualStudioSourceCodeAccess (362)
[2020.09.30-21.44.28:311][  4]LogModuleManager: Shutting down and abandoning module VisualStudioCodeSourceCodeAccess (360)
[2020.09.30-21.44.28:311][  4]LogModuleManager: Shutting down and abandoning module UObjectPlugin (358)
[2020.09.30-21.44.28:311][  4]LogModuleManager: Shutting down and abandoning module SubversionSourceControl (356)
[2020.09.30-21.44.28:311][  4]LogModuleManager: Shutting down and abandoning module PlasticSourceControl (354)
[2020.09.30-21.44.28:311][  4]LogModuleManager: Shutting down and abandoning module PerforceSourceControl (352)
[2020.09.30-21.44.28:311][  4]LogModuleManager: Shutting down and abandoning module GitSourceControl (350)
[2020.09.30-21.44.28:311][  4]LogModuleManager: Shutting down and abandoning module SourceControl (349)
[2020.09.30-21.44.28:311][  4]LogModuleManager: Shutting down and abandoning module CLionSourceCodeAccess (346)
[2020.09.30-21.44.28:311][  4]LogModuleManager: Shutting down and abandoning module AnimationSharingEd (344)
[2020.09.30-21.44.28:311][  4]LogModuleManager: Shutting down and abandoning module ActorLayerUtilitiesEditor (342)
[2020.09.30-21.44.28:311][  4]LogModuleManager: Shutting down and abandoning module ActorLayerUtilities (340)
[2020.09.30-21.44.28:311][  4]LogModuleManager: Shutting down and abandoning module LightPropagationVolumeEditor (338)
[2020.09.30-21.44.28:311][  4]LogModuleManager: Shutting down and abandoning module PaperTiledImporter (336)
[2020.09.30-21.44.28:311][  4]LogModuleManager: Shutting down and abandoning module PaperSpriteSheetImporter (334)
[2020.09.30-21.44.28:311][  4]LogModuleManager: Shutting down and abandoning module Paper2DEditor (332)
[2020.09.30-21.44.28:311][  4]LogModuleManager: Shutting down and abandoning module SignificanceManager (330)
[2020.09.30-21.44.28:311][  4]LogModuleManager: Shutting down and abandoning module RuntimePhysXCooking (328)
[2020.09.30-21.44.28:311][  4]LogModuleManager: Shutting down and abandoning module PhysXVehiclesEditor (326)
[2020.09.30-21.44.28:311][  4]LogModuleManager: Shutting down and abandoning module LocationServicesBPLibrary (322)
[2020.09.30-21.44.28:311][  4]LogModuleManager: Shutting down and abandoning module ActorSequence (320)
[2020.09.30-21.44.28:311][  4]LogModuleManager: Shutting down and abandoning module UdpMessaging (318)
[2020.09.30-21.44.28:413][  4]LogModuleManager: Shutting down and abandoning module TcpMessaging (316)
[2020.09.30-21.44.28:513][  4]LogModuleManager: Shutting down and abandoning module MagicLeapPrivileges (314)
[2020.09.30-21.44.28:513][  4]LogModuleManager: Shutting down and abandoning module MagicLeapPlanes (312)
[2020.09.30-21.44.28:513][  4]LogMagicLeapPlanes: Planes tracker already destroyed.
[2020.09.30-21.44.28:513][  4]LogModuleManager: Shutting down and abandoning module MagicLeapIdentity (310)
[2020.09.30-21.44.28:513][  4]LogModuleManager: Shutting down and abandoning module MagicLeapSecureStorage (308)
[2020.09.30-21.44.28:513][  4]LogModuleManager: Shutting down and abandoning module MagicLeapImageTracker (306)
[2020.09.30-21.44.28:513][  4]LogModuleManager: Shutting down and abandoning module MagicLeapHandTracking (304)
[2020.09.30-21.44.28:513][  4]LogModuleManager: Shutting down and abandoning module MagicLeapHandMeshing (302)
[2020.09.30-21.44.28:513][  4]LogModuleManager: Shutting down and abandoning module MagicLeapEyeTracker (300)
[2020.09.30-21.44.28:513][  4]LogModuleManager: Shutting down and abandoning module MagicLeapController (298)
[2020.09.30-21.44.28:513][  4]LogSlate: Slate User Destroyed.  User Index 0, Is Virtual User: 0
[2020.09.30-21.44.28:513][  4]LogModuleManager: Shutting down and abandoning module MagicLeapARPin (296)
[2020.09.30-21.44.28:513][  4]LogModuleManager: Shutting down and abandoning module MagicLeapAR (294)
[2020.09.30-21.44.28:513][  4]LogModuleManager: Shutting down and abandoning module AugmentedReality (293)
[2020.09.30-21.44.28:513][  4]LogModuleManager: Shutting down and abandoning module GameplayTagsEditor (290)
[2020.09.30-21.44.28:513][  4]LogModuleManager: Shutting down and abandoning module FacialAnimationEditor (288)
[2020.09.30-21.44.28:513][  4]LogModuleManager: Shutting down and abandoning module FacialAnimation (286)
[2020.09.30-21.44.28:513][  4]LogModuleManager: Shutting down and abandoning module DataValidation (284)
[2020.09.30-21.44.28:513][  4]LogModuleManager: Shutting down and abandoning module AssetManagerEditor (282)
[2020.09.30-21.44.28:513][  4]LogModuleManager: Shutting down and abandoning module LevelEditor (281)
[2020.09.30-21.44.28:514][  4]LogModuleManager: Shutting down and abandoning module PixelInspectorModule (280)
[2020.09.30-21.44.28:514][  4]LogModuleManager: Shutting down and abandoning module CommonMenuExtensions (278)
[2020.09.30-21.44.28:514][  4]LogModuleManager: Shutting down and abandoning module MainFrame (276)
[2020.09.30-21.44.28:514][  4]LogModuleManager: Shutting down and abandoning module HotReload (275)
[2020.09.30-21.44.28:514][  4]LogModuleManager: Shutting down and abandoning module ContentBrowser (271)
[2020.09.30-21.44.28:515][  4]LogModuleManager: Shutting down and abandoning module TreeMap (269)
[2020.09.30-21.44.28:515][  4]LogModuleManager: Shutting down and abandoning module AnimationSharing (266)
[2020.09.30-21.44.28:515][  4]LogModuleManager: Shutting down and abandoning module LightPropagationVolumeRuntime (264)
[2020.09.30-21.44.28:515][  4]LogModuleManager: Shutting down and abandoning module Paper2D (262)
[2020.09.30-21.44.28:515][  4]LogModuleManager: Shutting down and abandoning module WindowsMoviePlayer (260)
[2020.09.30-21.44.28:515][  4]LogModuleManager: Shutting down and abandoning module WebMMoviePlayer (258)
[2020.09.30-21.44.28:515][  4]LogModuleManager: Shutting down and abandoning module NetworkReplayStreaming (256)
[2020.09.30-21.44.28:515][  4]LogModuleManager: Shutting down and abandoning module PacketHandler (254)
[2020.09.30-21.44.28:515][  4]LogModuleManager: Shutting down and abandoning module ClothingSystemEditor (252)
[2020.09.30-21.44.28:515][  4]LogModuleManager: Shutting down and abandoning module ClothingSystemRuntimeNv (250)
[2020.09.30-21.44.28:515][  4]LogModuleManager: Shutting down and abandoning module MediaAssets (248)
[2020.09.30-21.44.28:515][  4]LogModuleManager: Shutting down and abandoning module Overlay (246)
[2020.09.30-21.44.28:515][  4]LogModuleManager: Shutting down and abandoning module OverlayEditor (245)
[2020.09.30-21.44.28:515][  4]LogModuleManager: Shutting down and abandoning module VREditor (242)
[2020.09.30-21.44.28:516][  4]LogModuleManager: Shutting down and abandoning module StringTableEditor (240)
[2020.09.30-21.44.28:516][  4]LogModuleManager: Shutting down and abandoning module GameplayTasksEditor (238)
[2020.09.30-21.44.28:516][  4]LogModuleManager: Shutting down and abandoning module BehaviorTreeEditor (236)
[2020.09.30-21.44.28:516][  4]LogModuleManager: Shutting down and abandoning module FunctionalTesting (234)
[2020.09.30-21.44.28:516][  4]LogModuleManager: Shutting down and abandoning module CollisionAnalyzer (232)
[2020.09.30-21.44.28:516][  4]LogModuleManager: Shutting down and abandoning module WorkspaceMenuStructure (231)
[2020.09.30-21.44.28:516][  4]LogModuleManager: Shutting down and abandoning module UMG (228)
[2020.09.30-21.44.28:516][  4]LogModuleManager: Shutting down and abandoning module UMGEditor (227)
[2020.09.30-21.44.28:516][  4]LogModuleManager: Shutting down and abandoning module MessageLog (225)
[2020.09.30-21.44.28:516][  4]LogModuleManager: Shutting down and abandoning module SlateReflector (220)
[2020.09.30-21.44.28:516][  4]LogModuleManager: Shutting down and abandoning module Slate (218)
[2020.09.30-21.44.28:516][  4]LogModuleManager: Shutting down and abandoning module SlateCore (216)
[2020.09.30-21.44.28:516][  4]LogModuleManager: Shutting down and abandoning module LandscapeEditorUtilities (214)
[2020.09.30-21.44.28:516][  4]LogModuleManager: Shutting down and abandoning module UnrealEd (212)
[2020.09.30-21.44.28:516][  4]LogModuleManager: Shutting down and abandoning module MRMesh (210)
[2020.09.30-21.44.28:516][  4]LogModuleManager: Shutting down and abandoning module SourceCodeAccess (208)
[2020.09.30-21.44.28:516][  4]LogModuleManager: Shutting down and abandoning module HeadMountedDisplay (206)
[2020.09.30-21.44.28:516][  4]LogModuleManager: Shutting down and abandoning module XAudio2 (204)
[2020.09.30-21.44.28:516][  4]LogModuleManager: Shutting down and abandoning module Networking (202)
[2020.09.30-21.44.28:516][  4]LogModuleManager: Shutting down and abandoning module Core (200)
[2020.09.30-21.44.28:516][  4]LogModuleManager: Shutting down and abandoning module MovieSceneTools (198)
[2020.09.30-21.44.28:516][  4]LogModuleManager: Shutting down and abandoning module CurveEditor (197)
[2020.09.30-21.44.28:516][  4]LogModuleManager: Shutting down and abandoning module Sequencer (195)
[2020.09.30-21.44.28:516][  4]LogModuleManager: Shutting down and abandoning module EditorStyle (194)
[2020.09.30-21.44.28:517][  4]LogModuleManager: Shutting down and abandoning module KismetCompiler (190)
[2020.09.30-21.44.28:517][  4]LogModuleManager: Shutting down and abandoning module MeshUtilities (188)
[2020.09.30-21.44.28:517][  4]LogModuleManager: Shutting down and abandoning module MeshMergeUtilities (187)
[2020.09.30-21.44.28:517][  4]LogModuleManager: Shutting down and abandoning module MeshReductionInterface (186)
[2020.09.30-21.44.28:517][  4]LogModuleManager: Shutting down and abandoning module MeshBoneReduction (185)
[2020.09.30-21.44.28:517][  4]LogModuleManager: Shutting down and abandoning module SkeletalMeshReduction (183)
[2020.09.30-21.44.28:517][  4]LogModuleManager: Shutting down and abandoning module ProxyLODMeshReduction (181)
[2020.09.30-21.44.28:517][  4]LogModuleManager: Shutting down and abandoning module QuadricMeshReduction (179)
[2020.09.30-21.44.28:517][  4]LogModuleManager: Shutting down and abandoning module MaterialBaking (175)
[2020.09.30-21.44.28:517][  4]LogModuleManager: Shutting down and abandoning module NullInstallBundleManager (170)
[2020.09.30-21.44.28:517][  4]LogModuleManager: Shutting down and abandoning module DerivedDataCache (168)
[2020.09.30-21.44.28:518][  4]LogDerivedDataCache: Shutdown
[2020.09.30-21.44.28:518][  4]LogModuleManager: Shutting down and abandoning module XGEController (166)
[2020.09.30-21.44.28:518][  4]LogModuleManager: Shutting down and abandoning module TargetPlatform (164)
[2020.09.30-21.44.28:518][  4]LogModuleManager: Shutting down and abandoning module VulkanShaderFormat (163)
[2020.09.30-21.44.28:518][  4]LogModuleManager: Shutting down and abandoning module ShaderFormatVectorVM (161)
[2020.09.30-21.44.28:518][  4]LogModuleManager: Shutting down and abandoning module ShaderFormatOpenGL (159)
[2020.09.30-21.44.28:518][  4]LogModuleManager: Shutting down and abandoning module ShaderFormatD3D (157)
[2020.09.30-21.44.28:518][  4]LogModuleManager: Shutting down and abandoning module MetalShaderFormat (155)
[2020.09.30-21.44.28:518][  4]LogModuleManager: Shutting down and abandoning module TextureFormatUncompressed (153)
[2020.09.30-21.44.28:518][  4]LogModuleManager: Shutting down and abandoning module TextureFormatPVR (151)
[2020.09.30-21.44.28:518][  4]LogModuleManager: Shutting down and abandoning module TextureFormatDXT (149)
[2020.09.30-21.44.28:518][  4]LogModuleManager: Shutting down and abandoning module TextureFormatIntelISPCTexComp (147)
[2020.09.30-21.44.28:518][  4]LogModuleManager: Shutting down and abandoning module TextureFormatASTC (145)
[2020.09.30-21.44.28:518][  4]LogModuleManager: Shutting down and abandoning module ImageWrapper (144)
[2020.09.30-21.44.28:518][  4]LogModuleManager: Shutting down and abandoning module TextureFormatAndroid (141)
[2020.09.30-21.44.28:518][  4]LogModuleManager: Shutting down and abandoning module AudioFormatOpus (139)
[2020.09.30-21.44.28:518][  4]LogModuleManager: Shutting down and abandoning module AudioFormatOgg (137)
[2020.09.30-21.44.28:518][  4]LogModuleManager: Shutting down and abandoning module AudioFormatADPCM (135)
[2020.09.30-21.44.28:518][  4]LogModuleManager: Shutting down and abandoning module WindowsServerTargetPlatform (133)
[2020.09.30-21.44.28:518][  4]LogModuleManager: Shutting down and abandoning module WindowsClientTargetPlatform (131)
[2020.09.30-21.44.28:518][  4]LogModuleManager: Shutting down and abandoning module WindowsTargetPlatform (129)
[2020.09.30-21.44.28:518][  4]LogModuleManager: Shutting down and abandoning module WindowsNoEditorTargetPlatform (127)
[2020.09.30-21.44.28:518][  4]LogModuleManager: Shutting down and abandoning module TVOSTargetPlatform (125)
[2020.09.30-21.44.28:519][  4]LogModuleManager: Shutting down and abandoning module LuminTargetPlatform (123)
[2020.09.30-21.44.28:519][  4]LogModuleManager: Shutting down and abandoning module LinuxAArch64ServerTargetPlatform (121)
[2020.09.30-21.44.28:519][  4]LogModuleManager: Shutting down and abandoning module LinuxAArch64ClientTargetPlatform (119)
[2020.09.30-21.44.28:520][  4]LogModuleManager: Shutting down and abandoning module LinuxAArch64NoEditorTargetPlatform (117)
[2020.09.30-21.44.28:520][  4]LogModuleManager: Shutting down and abandoning module LinuxServerTargetPlatform (115)
[2020.09.30-21.44.28:520][  4]LogModuleManager: Shutting down and abandoning module LinuxClientTargetPlatform (113)
[2020.09.30-21.44.28:520][  4]LogModuleManager: Shutting down and abandoning module LinuxNoEditorTargetPlatform (111)
[2020.09.30-21.44.28:520][  4]LogModuleManager: Shutting down and abandoning module Messaging (109)
[2020.09.30-21.44.28:520][  4]LogModuleManager: Shutting down and abandoning module IOSTargetPlatform (107)
[2020.09.30-21.44.28:520][  4]LogModuleManager: Shutting down and abandoning module AndroidTargetPlatform (105)
[2020.09.30-21.44.28:526][  4]LogModuleManager: Shutting down and abandoning module AllDesktopTargetPlatform (103)
[2020.09.30-21.44.28:526][  4]LogModuleManager: Shutting down and abandoning module InputCore (100)
[2020.09.30-21.44.28:527][  4]LogModuleManager: Shutting down and abandoning module Settings (98)
[2020.09.30-21.44.28:527][  4]LogModuleManager: Shutting down and abandoning module DirectoryWatcher (96)
[2020.09.30-21.44.28:527][  4]LogModuleManager: Shutting down and abandoning module PhysXCooking (94)
[2020.09.30-21.44.28:527][  4]LogModuleManager: Shutting down and abandoning module ChaosSolvers (92)
[2020.09.30-21.44.28:527][  4]LogModuleManager: Shutting down and abandoning module FieldSystemEngine (91)
[2020.09.30-21.44.28:527][  4]LogModuleManager: Shutting down and abandoning module Chaos (88)
[2020.09.30-21.44.28:527][  4]LogModuleManager: Shutting down and abandoning module WindowsPlatformFeatures (86)
[2020.09.30-21.44.28:527][  4]LogModuleManager: Shutting down and abandoning module GameplayMediaEncoder (85)
[2020.09.30-21.44.28:527][  4]LogModuleManager: Shutting down and abandoning module OculusHMD (82)
[2020.09.30-21.44.28:527][  4]LogModuleManager: Shutting down and abandoning module ExampleDeviceProfileSelector (80)
[2020.09.30-21.44.28:527][  4]LogModuleManager: Shutting down and abandoning module LauncherChunkInstaller (78)
[2020.09.30-21.44.28:527][  4]LogModuleManager: Shutting down and abandoning module OnlineBlueprintSupport (76)
[2020.09.30-21.44.28:527][  4]LogModuleManager: Shutting down and abandoning module OnlineSubsystem (72)
[2020.09.30-21.44.28:528][  4]LogModuleManager: Shutting down and abandoning module XMPP (67)
[2020.09.30-21.44.28:528][  4]LogModuleManager: Shutting down and abandoning module WebSockets (66)
[2020.09.30-21.44.28:534][  4]LogModuleManager: Shutting down and abandoning module HTTP (63)
[2020.09.30-21.44.28:534][  4]LogHttp: Display: Http module shutting down, but needs to wait on 1 outstanding Http requests:
[2020.09.30-21.44.28:534][  4]LogHttp: Display: 	verb=[POST] url=[https://datarouter.ol.epicgames.com/datarouter/api/v1/public/data?SessionID=%7B9DF90AF8-4857-1D1B-4F61-E7B479F9F366%7D&AppID=UEEditor.Rocket.Release&AppVersion=4.24.3-11590370%2B%2B%2BUE4%2BRelease-4.24&UserID=557a0bbb41fcf1b00909839be978113b%7C025ea2d5a47c47a489598acc3e71af13%7C83d80e30-fdae-4a8f-9e89-b4d596a9d5b5&AppEnvironment=datacollector-binary&UploadType=eteventstream] refs=[1] status=Processing
[2020.09.30-21.44.28:542][  4]LogModuleManager: Shutting down and abandoning module SSL (62)
[2020.09.30-21.44.28:543][  4]LogModuleManager: Shutting down and abandoning module WmfMedia (58)
[2020.09.30-21.44.28:544][  4]LogModuleManager: Shutting down and abandoning module Media (57)
[2020.09.30-21.44.28:545][  4]LogModuleManager: Shutting down and abandoning module MagicLeap (54)
[2020.09.30-21.44.28:545][  4]LogModuleManager: Shutting down and abandoning module VariantManagerContent (52)
[2020.09.30-21.44.28:545][  4]LogModuleManager: Shutting down and abandoning module DatasmithContent (50)
[2020.09.30-21.44.28:545][  4]LogModuleManager: Shutting down and abandoning module AISupportModule (48)
[2020.09.30-21.44.28:545][  4]LogModuleManager: Shutting down and abandoning module DesktopPlatform (46)
[2020.09.30-21.44.28:545][  4]LogModuleManager: Shutting down and abandoning module PlatformCryptoOpenSSL (44)
[2020.09.30-21.44.28:545][  4]LogModuleManager: Shutting down and abandoning module PlatformCryptoTypes (42)
[2020.09.30-21.44.28:545][  4]LogModuleManager: Shutting down and abandoning module PlatformCrypto (40)
[2020.09.30-21.44.28:545][  4]LogModuleManager: Shutting down and abandoning module AnimationModifiers (38)
[2020.09.30-21.44.28:545][  4]LogModuleManager: Shutting down and abandoning module PropertyEditor (37)
[2020.09.30-21.44.28:545][  4]LogModuleManager: Shutting down and abandoning module AudioEditor (34)
[2020.09.30-21.44.28:546][  4]LogModuleManager: Shutting down and abandoning module TextureCompressor (32)
[2020.09.30-21.44.28:546][  4]LogModuleManager: Shutting down and abandoning module RenderCore (30)
[2020.09.30-21.44.28:546][  4]LogModuleManager: Shutting down and abandoning module Landscape (28)
[2020.09.30-21.44.28:546][  4]LogModuleManager: Shutting down and abandoning module SlateRHIRenderer (26)
[2020.09.30-21.44.28:546][  4]LogModuleManager: Shutting down and abandoning module OpenGLDrv (24)
[2020.09.30-21.44.28:546][  4]LogModuleManager: Shutting down and abandoning module D3D11RHI (22)
[2020.09.30-21.44.28:546][  4]LogModuleManager: Shutting down and abandoning module AnimGraphRuntime (20)
[2020.09.30-21.44.28:546][  4]LogModuleManager: Shutting down and abandoning module Renderer (18)
[2020.09.30-21.44.28:546][  4]LogModuleManager: Shutting down and abandoning module Engine (16)
[2020.09.30-21.44.28:546][  4]LogModuleManager: Shutting down and abandoning module CoreUObject (14)
[2020.09.30-21.44.28:546][  4]LogModuleManager: Shutting down and abandoning module NetworkFile (12)
[2020.09.30-21.44.28:546][  4]LogModuleManager: Shutting down and abandoning module CookedIterativeFile (10)
[2020.09.30-21.44.28:546][  4]LogModuleManager: Shutting down and abandoning module StreamingFile (8)
[2020.09.30-21.44.28:546][  4]LogModuleManager: Shutting down and abandoning module SandboxFile (6)
[2020.09.30-21.44.28:546][  4]LogModuleManager: Shutting down and abandoning module PakFile (4)
[2020.09.30-21.44.28:546][  4]LogModuleManager: Shutting down and abandoning module RSA (3)
[2020.09.30-21.44.28:547][  4]LogD3D11RHI: Shutdown
[2020.09.30-21.44.28:547][  4]LogD3D11RHI: CleanupD3DDevice
[2020.09.30-21.44.28:555][  4]LogExit: Exiting.
[2020.09.30-21.44.28:562][  4]Log file closed, 10/01/20 07:44:28
